[INFO] Scanning for projects...
[INFO] 
[INFO] ----------------------< com.jobportal:job-portal >----------------------
[INFO] Building Job Portal 1.0.0
[INFO]   from pom.xml
[INFO] --------------------------------[ jar ]---------------------------------
[INFO] 
[INFO] >>> spring-boot:3.4.1:run (default-cli) > test-compile @ job-portal >>>
[INFO] 
[INFO] --- resources:3.3.1:resources (default-resources) @ job-portal ---
[INFO] Copying 1 resource from src\main\resources to target\classes
[INFO] Copying 9 resources from src\main\resources to target\classes
[INFO] 
[INFO] --- compiler:3.13.0:compile (default-compile) @ job-portal ---
[INFO] Nothing to compile - all classes are up to date.
[INFO] 
[INFO] --- resources:3.3.1:testResources (default-testResources) @ job-portal ---
[INFO] skip non existing resourceDirectory D:\Java Project\Job Portal\src\test\resources
[INFO] 
[INFO] --- compiler:3.13.0:testCompile (default-testCompile) @ job-portal ---
[INFO] Recompiling the module because of changed source code.
[INFO] Compiling 1 source file with javac [debug parameters release 17] to target\test-classes
[INFO] Annotation processing is enabled because one or more processors were found
  on the class path. A future release of javac may disable annotation processing
  unless at least one processor is specified by name (-processor), or a search
  path is specified (--processor-path, --processor-module-path), or annotation
  processing is enabled explicitly (-proc:only, -proc:full).
  Use -Xlint:-options to suppress this message.
  Use -proc:none to disable annotation processing.
[INFO] 
[INFO] <<< spring-boot:3.4.1:run (default-cli) < test-compile @ job-portal <<<
[INFO] 
[INFO] 
[INFO] --- spring-boot:3.4.1:run (default-cli) @ job-portal ---
[INFO] Attaching agents: []

  .   ____          _            __ _ _
 /\\ / ___'_ __ _ _(_)_ __  __ _ \ \ \ \
( ( )\___ | '_ | '_| | '_ \/ _` | \ \ \ \
 \\/  ___)| |_)| | | | | || (_| |  ) ) ) )
  '  |____| .__|_| |_|_| |_\__, | / / / /
 =========|_|==============|___/=/_/_/_/

 :: Spring Boot ::                (v3.4.1)

2026-06-17T13:08:22.702+07:00  INFO 20808 --- [job-portal] [  restartedMain] com.jobportal.JobPortalApplication       : Starting JobPortalApplication using Java 21.0.6 with PID 20808 (D:\Java Project\Job Portal\target\classes started by Admin in D:\Java Project\Job Portal)
2026-06-17T13:08:22.710+07:00  INFO 20808 --- [job-portal] [  restartedMain] com.jobportal.JobPortalApplication       : No active profile set, falling back to 1 default profile: "default"
2026-06-17T13:08:22.779+07:00  INFO 20808 --- [job-portal] [  restartedMain] .e.DevToolsPropertyDefaultsPostProcessor : Devtools property defaults active! Set 'spring.devtools.add-properties' to 'false' to disable
2026-06-17T13:08:22.779+07:00  INFO 20808 --- [job-portal] [  restartedMain] .e.DevToolsPropertyDefaultsPostProcessor : For additional web related logging consider setting the 'logging.level.web' property to 'DEBUG'
2026-06-17T13:08:23.892+07:00  INFO 20808 --- [job-portal] [  restartedMain] .s.d.r.c.RepositoryConfigurationDelegate : Bootstrapping Spring Data JPA repositories in DEFAULT mode.
2026-06-17T13:08:24.011+07:00  INFO 20808 --- [job-portal] [  restartedMain] .s.d.r.c.RepositoryConfigurationDelegate : Finished Spring Data repository scanning in 89 ms. Found 5 JPA repository interfaces.
2026-06-17T13:08:24.827+07:00  INFO 20808 --- [job-portal] [  restartedMain] o.s.b.w.embedded.tomcat.TomcatWebServer  : Tomcat initialized with port 8080 (http)
2026-06-17T13:08:24.854+07:00  INFO 20808 --- [job-portal] [  restartedMain] o.apache.catalina.core.StandardService   : Starting service [Tomcat]
2026-06-17T13:08:24.855+07:00  INFO 20808 --- [job-portal] [  restartedMain] o.apache.catalina.core.StandardEngine    : Starting Servlet engine: [Apache Tomcat/10.1.34]
2026-06-17T13:08:24.914+07:00  INFO 20808 --- [job-portal] [  restartedMain] o.a.c.c.C.[Tomcat].[localhost].[/]       : Initializing Spring embedded WebApplicationContext
2026-06-17T13:08:24.915+07:00  INFO 20808 --- [job-portal] [  restartedMain] w.s.c.ServletWebServerApplicationContext : Root WebApplicationContext: initialization completed in 2135 ms
2026-06-17T13:08:25.066+07:00  INFO 20808 --- [job-portal] [  restartedMain] o.hibernate.jpa.internal.util.LogHelper  : HHH000204: Processing PersistenceUnitInfo [name: default]
2026-06-17T13:08:25.151+07:00  INFO 20808 --- [job-portal] [  restartedMain] org.hibernate.Version                    : HHH000412: Hibernate ORM core version 6.6.4.Final
2026-06-17T13:08:25.202+07:00  INFO 20808 --- [job-portal] [  restartedMain] o.h.c.internal.RegionFactoryInitiator    : HHH000026: Second-level cache disabled
2026-06-17T13:08:25.550+07:00  INFO 20808 --- [job-portal] [  restartedMain] o.s.o.j.p.SpringPersistenceUnitInfo      : No LoadTimeWeaver setup: ignoring JPA class transformer
2026-06-17T13:08:25.593+07:00  INFO 20808 --- [job-portal] [  restartedMain] com.zaxxer.hikari.HikariDataSource       : HikariPool-1 - Starting...
2026-06-17T13:08:25.877+07:00  INFO 20808 --- [job-portal] [  restartedMain] com.zaxxer.hikari.pool.HikariPool        : HikariPool-1 - Added connection com.mysql.cj.jdbc.ConnectionImpl@27c85f18
2026-06-17T13:08:25.883+07:00  INFO 20808 --- [job-portal] [  restartedMain] com.zaxxer.hikari.HikariDataSource       : HikariPool-1 - Start completed.
2026-06-17T13:08:26.043+07:00  WARN 20808 --- [job-portal] [  restartedMain] org.hibernate.orm.deprecation            : HHH90000025: MySQLDialect does not need to be specified explicitly using 'hibernate.dialect' (remove the property setting and it will be selected by default)
2026-06-17T13:08:26.088+07:00  INFO 20808 --- [job-portal] [  restartedMain] org.hibernate.orm.connections.pooling    : HHH10001005: Database info:
	Database JDBC URL [Connecting through datasource 'HikariDataSource (HikariPool-1)']
	Database driver: undefined/unknown
	Database version: 8.0.46
	Autocommit mode: undefined/unknown
	Isolation level: undefined/unknown
	Minimum pool size: undefined/unknown
	Maximum pool size: undefined/unknown
2026-06-17T13:08:28.268+07:00  INFO 20808 --- [job-portal] [  restartedMain] o.h.e.t.j.p.i.JtaPlatformInitiator       : HHH000489: No JTA platform available (set 'hibernate.transaction.jta.platform' to enable JTA platform integration)
2026-06-17T13:08:28.473+07:00  INFO 20808 --- [job-portal] [  restartedMain] j.LocalContainerEntityManagerFactoryBean : Initialized JPA EntityManagerFactory for persistence unit 'default'
2026-06-17T13:08:29.361+07:00  INFO 20808 --- [job-portal] [  restartedMain] r$InitializeUserDetailsManagerConfigurer : Global AuthenticationManager configured with UserDetailsService bean with name customUserDetailsService
2026-06-17T13:08:29.437+07:00  WARN 20808 --- [job-portal] [  restartedMain] JpaBaseConfiguration$JpaWebConfiguration : spring.jpa.open-in-view is enabled by default. Therefore, database queries may be performed during view rendering. Explicitly configure spring.jpa.open-in-view to disable this warning
2026-06-17T13:08:29.607+07:00  INFO 20808 --- [job-portal] [  restartedMain] o.s.b.a.w.s.WelcomePageHandlerMapping    : Adding welcome page: class path resource [static/index.html]
2026-06-17T13:08:30.292+07:00  WARN 20808 --- [job-portal] [  restartedMain] ion$DefaultTemplateResolverConfiguration : Cannot find template location: classpath:/templates/ (please add some templates, check your Thymeleaf configuration, or set spring.thymeleaf.check-template-location=false)
2026-06-17T13:08:30.435+07:00  INFO 20808 --- [job-portal] [  restartedMain] o.s.b.a.h2.H2ConsoleAutoConfiguration    : H2 console available at '/h2-console'. Database available at 'jdbc:mysql://localhost:3306/jobportal?useSSL=false&allowPublicKeyRetrieval=true'
2026-06-17T13:08:30.542+07:00  INFO 20808 --- [job-portal] [  restartedMain] o.s.b.d.a.OptionalLiveReloadServer       : LiveReload server is running on port 35729
2026-06-17T13:08:30.623+07:00  INFO 20808 --- [job-portal] [  restartedMain] o.s.b.w.embedded.tomcat.TomcatWebServer  : Tomcat started on port 8080 (http) with context path '/'
2026-06-17T13:08:30.637+07:00  INFO 20808 --- [job-portal] [  restartedMain] com.jobportal.JobPortalApplication       : Started JobPortalApplication in 8.658 seconds (process running for 9.291)
Hibernate: select r1_0.id,r1_0.value from roles r1_0 where r1_0.value=?
Hibernate: select r1_0.id,r1_0.value from roles r1_0 where r1_0.value=?
Hibernate: select r1_0.id,r1_0.value from roles r1_0 where r1_0.value=?
2026-06-17T13:08:44.038+07:00  INFO 20808 --- [job-portal] [nio-8080-exec-1] o.a.c.c.C.[Tomcat].[localhost].[/]       : Initializing Spring DispatcherServlet 'dispatcherServlet'
2026-06-17T13:08:44.040+07:00  INFO 20808 --- [job-portal] [nio-8080-exec-1] o.s.web.servlet.DispatcherServlet        : Initializing Servlet 'dispatcherServlet'
2026-06-17T13:08:44.043+07:00  INFO 20808 --- [job-portal] [nio-8080-exec-1] o.s.web.servlet.DispatcherServlet        : Completed initialization in 2 ms
Hibernate: select u1_0.id,u1_0.email,u1_0.fullname,u1_0.is_active,u1_0.password from users u1_0 where u1_0.email=?
Hibernate: select r1_0.user_id,r1_1.id,r1_1.value from users_roles r1_0 join roles r1_1 on r1_1.id=r1_0.role_id where r1_0.user_id=?
Hibernate: select a1_0.id,a1_0.applied_at,a1_0.candidate_id,a1_0.cv_url,a1_0.job_id,a1_0.status from applications a1_0 left join users c1_0 on c1_0.id=a1_0.candidate_id where c1_0.id=?
Hibernate: select u1_0.id,u1_0.email,u1_0.fullname,u1_0.is_active,u1_0.password,r1_0.user_id,r1_1.id,r1_1.value from users u1_0 left join users_roles r1_0 on u1_0.id=r1_0.user_id left join roles r1_1 on r1_1.id=r1_0.role_id where u1_0.id=?
Hibernate: select j1_0.id,j1_0.company_id,j1_0.description,j1_0.location,j1_0.salary,j1_0.title from jobs j1_0 where j1_0.id=?
Hibernate: select c1_0.id,c1_0.description,c1_0.name,c1_0.recruiter_id,c1_0.website from companies c1_0 where c1_0.id=?
Hibernate: select u1_0.id,u1_0.email,u1_0.fullname,u1_0.is_active,u1_0.password from users u1_0 where u1_0.email=?
Hibernate: select r1_0.user_id,r1_1.id,r1_1.value from users_roles r1_0 join roles r1_1 on r1_1.id=r1_0.role_id where r1_0.user_id=?
Hibernate: select j1_0.id,j1_0.company_id,j1_0.description,j1_0.location,j1_0.salary,j1_0.title from jobs j1_0
Hibernate: select c1_0.id,c1_0.description,c1_0.name,c1_0.recruiter_id,c1_0.website from companies c1_0 where c1_0.id=?
Hibernate: select u1_0.id,u1_0.email,u1_0.fullname,u1_0.is_active,u1_0.password from users u1_0 where u1_0.email=?
Hibernate: select r1_0.user_id,r1_1.id,r1_1.value from users_roles r1_0 join roles r1_1 on r1_1.id=r1_0.role_id where r1_0.user_id=?
Hibernate: select a1_0.id,a1_0.applied_at,a1_0.candidate_id,a1_0.cv_url,a1_0.job_id,a1_0.status from applications a1_0 left join users c1_0 on c1_0.id=a1_0.candidate_id where c1_0.id=?
Hibernate: select u1_0.id,u1_0.email,u1_0.fullname,u1_0.is_active,u1_0.password,r1_0.user_id,r1_1.id,r1_1.value from users u1_0 left join users_roles r1_0 on u1_0.id=r1_0.user_id left join roles r1_1 on r1_1.id=r1_0.role_id where u1_0.id=?
Hibernate: select j1_0.id,j1_0.company_id,j1_0.description,j1_0.location,j1_0.salary,j1_0.title from jobs j1_0 where j1_0.id=?
Hibernate: select c1_0.id,c1_0.description,c1_0.name,c1_0.recruiter_id,c1_0.website from companies c1_0 where c1_0.id=?
Hibernate: select j1_0.id,j1_0.company_id,j1_0.description,j1_0.location,j1_0.salary,j1_0.title from jobs j1_0
Hibernate: select c1_0.id,c1_0.description,c1_0.name,c1_0.recruiter_id,c1_0.website from companies c1_0 where c1_0.id=?
Hibernate: select u1_0.id,u1_0.email,u1_0.fullname,u1_0.is_active,u1_0.password from users u1_0 where u1_0.email=?
Hibernate: select r1_0.user_id,r1_1.id,r1_1.value from users_roles r1_0 join roles r1_1 on r1_1.id=r1_0.role_id where r1_0.user_id=?
Hibernate: select u1_0.id,u1_0.email,u1_0.fullname,u1_0.is_active,u1_0.password from users u1_0 where u1_0.email=?
Hibernate: select u1_0.id,u1_0.email,u1_0.fullname,u1_0.is_active,u1_0.password from users u1_0 where u1_0.email=?
Hibernate: select r1_0.user_id,r1_1.id,r1_1.value from users_roles r1_0 join roles r1_1 on r1_1.id=r1_0.role_id where r1_0.user_id=?
Hibernate: select j1_0.id,j1_0.company_id,j1_0.description,j1_0.location,j1_0.salary,j1_0.title from jobs j1_0
Hibernate: select c1_0.id,c1_0.description,c1_0.name,c1_0.recruiter_id,c1_0.website from companies c1_0 where c1_0.id=?
Hibernate: select u1_0.id,u1_0.email,u1_0.fullname,u1_0.is_active,u1_0.password from users u1_0 where u1_0.email=?
Hibernate: select r1_0.user_id,r1_1.id,r1_1.value from users_roles r1_0 join roles r1_1 on r1_1.id=r1_0.role_id where r1_0.user_id=?
Hibernate: select j1_0.id,j1_0.company_id,j1_0.description,j1_0.location,j1_0.salary,j1_0.title from jobs j1_0
Hibernate: select c1_0.id,c1_0.description,c1_0.name,c1_0.recruiter_id,c1_0.website from companies c1_0 where c1_0.id=?
Hibernate: select u1_0.id,u1_0.email,u1_0.fullname,u1_0.is_active,u1_0.password from users u1_0 where u1_0.email=?
Hibernate: select r1_0.user_id,r1_1.id,r1_1.value from users_roles r1_0 join roles r1_1 on r1_1.id=r1_0.role_id where r1_0.user_id=?
Hibernate: select c1_0.id,c1_0.description,c1_0.name,c1_0.recruiter_id,c1_0.website from companies c1_0 left join users r1_0 on r1_0.id=c1_0.recruiter_id where r1_0.id=?
Hibernate: select u1_0.id,u1_0.email,u1_0.fullname,u1_0.is_active,u1_0.password from users u1_0 where u1_0.email=?
Hibernate: select r1_0.user_id,r1_1.id,r1_1.value from users_roles r1_0 join roles r1_1 on r1_1.id=r1_0.role_id where r1_0.user_id=?
Hibernate: select j1_0.id,j1_0.company_id,j1_0.description,j1_0.location,j1_0.salary,j1_0.title from jobs j1_0
Hibernate: select c1_0.id,c1_0.description,c1_0.name,c1_0.recruiter_id,c1_0.website from companies c1_0 where c1_0.id=?
Hibernate: select u1_0.id,u1_0.email,u1_0.fullname,u1_0.is_active,u1_0.password from users u1_0 where u1_0.email=?
Hibernate: select r1_0.user_id,r1_1.id,r1_1.value from users_roles r1_0 join roles r1_1 on r1_1.id=r1_0.role_id where r1_0.user_id=?
Hibernate: select c1_0.id,c1_0.description,c1_0.name,c1_0.recruiter_id,c1_0.website from companies c1_0 left join users r1_0 on r1_0.id=c1_0.recruiter_id where r1_0.id=?
Hibernate: select u1_0.id,u1_0.email,u1_0.fullname,u1_0.is_active,u1_0.password from users u1_0 where u1_0.email=?
Hibernate: select r1_0.user_id,r1_1.id,r1_1.value from users_roles r1_0 join roles r1_1 on r1_1.id=r1_0.role_id where r1_0.user_id=?
Hibernate: select c1_0.id,c1_0.description,c1_0.name,c1_0.recruiter_id,c1_0.website from companies c1_0 left join users r1_0 on r1_0.id=c1_0.recruiter_id where r1_0.id=?
Hibernate: select u1_0.id,u1_0.email,u1_0.fullname,u1_0.is_active,u1_0.password from users u1_0 where u1_0.email=?
Hibernate: select r1_0.user_id,r1_1.id,r1_1.value from users_roles r1_0 join roles r1_1 on r1_1.id=r1_0.role_id where r1_0.user_id=?
Hibernate: select j1_0.id,j1_0.company_id,j1_0.description,j1_0.location,j1_0.salary,j1_0.title from jobs j1_0
Hibernate: select c1_0.id,c1_0.description,c1_0.name,c1_0.recruiter_id,c1_0.website from companies c1_0 where c1_0.id=?
Hibernate: select u1_0.id,u1_0.email,u1_0.fullname,u1_0.is_active,u1_0.password from users u1_0 where u1_0.email=?
Hibernate: select r1_0.user_id,r1_1.id,r1_1.value from users_roles r1_0 join roles r1_1 on r1_1.id=r1_0.role_id where r1_0.user_id=?
Hibernate: select j1_0.id,j1_0.company_id,j1_0.description,j1_0.location,j1_0.salary,j1_0.title from jobs j1_0
Hibernate: select c1_0.id,c1_0.description,c1_0.name,c1_0.recruiter_id,c1_0.website from companies c1_0 where c1_0.id=?
Hibernate: select u1_0.id,u1_0.email,u1_0.fullname,u1_0.is_active,u1_0.password from users u1_0 where u1_0.email=?
Hibernate: select r1_0.user_id,r1_1.id,r1_1.value from users_roles r1_0 join roles r1_1 on r1_1.id=r1_0.role_id where r1_0.user_id=?
Hibernate: select j1_0.id,j1_0.company_id,j1_0.description,j1_0.location,j1_0.salary,j1_0.title from jobs j1_0
Hibernate: select c1_0.id,c1_0.description,c1_0.name,c1_0.recruiter_id,c1_0.website from companies c1_0 where c1_0.id=?
Hibernate: select u1_0.id,u1_0.email,u1_0.fullname,u1_0.is_active,u1_0.password from users u1_0 where u1_0.email=?
Hibernate: select r1_0.user_id,r1_1.id,r1_1.value from users_roles r1_0 join roles r1_1 on r1_1.id=r1_0.role_id where r1_0.user_id=?
Hibernate: select j1_0.id,j1_0.company_id,j1_0.description,j1_0.location,j1_0.salary,j1_0.title from jobs j1_0
Hibernate: select c1_0.id,c1_0.description,c1_0.name,c1_0.recruiter_id,c1_0.website from companies c1_0 where c1_0.id=?
Hibernate: select u1_0.id,u1_0.email,u1_0.fullname,u1_0.is_active,u1_0.password from users u1_0 where u1_0.email=?
Hibernate: select r1_0.user_id,r1_1.id,r1_1.value from users_roles r1_0 join roles r1_1 on r1_1.id=r1_0.role_id where r1_0.user_id=?
Hibernate: select j1_0.id,j1_0.company_id,j1_0.description,j1_0.location,j1_0.salary,j1_0.title from jobs j1_0
Hibernate: select c1_0.id,c1_0.description,c1_0.name,c1_0.recruiter_id,c1_0.website from companies c1_0 where c1_0.id=?
Hibernate: select u1_0.id,u1_0.email,u1_0.fullname,u1_0.is_active,u1_0.password from users u1_0 where u1_0.email=?
Hibernate: select r1_0.user_id,r1_1.id,r1_1.value from users_roles r1_0 join roles r1_1 on r1_1.id=r1_0.role_id where r1_0.user_id=?
Hibernate: select j1_0.id,j1_0.company_id,j1_0.description,j1_0.location,j1_0.salary,j1_0.title from jobs j1_0 where j1_0.id=?
Hibernate: select c1_0.id,c1_0.description,c1_0.name,c1_0.recruiter_id,c1_0.website from companies c1_0 where c1_0.id=?
2026-06-17T13:13:56.084+07:00  INFO 20808 --- [job-portal] [   File Watcher] rtingClassPathChangeChangedEventListener : Restarting due to 6 class path changes (0 additions, 0 deletions, 6 modifications)
2026-06-17T13:13:56.112+07:00  INFO 20808 --- [job-portal] [       Thread-5] o.s.b.w.e.tomcat.GracefulShutdown        : Commencing graceful shutdown. Waiting for active requests to complete
2026-06-17T13:13:56.146+07:00  INFO 20808 --- [job-portal] [tomcat-shutdown] o.s.b.w.e.tomcat.GracefulShutdown        : Graceful shutdown complete
2026-06-17T13:13:56.174+07:00  INFO 20808 --- [job-portal] [       Thread-5] j.LocalContainerEntityManagerFactoryBean : Closing JPA EntityManagerFactory for persistence unit 'default'
2026-06-17T13:13:56.198+07:00  INFO 20808 --- [job-portal] [       Thread-5] com.zaxxer.hikari.HikariDataSource       : HikariPool-1 - Shutdown initiated...
2026-06-17T13:13:56.249+07:00  INFO 20808 --- [job-portal] [       Thread-5] com.zaxxer.hikari.HikariDataSource       : HikariPool-1 - Shutdown completed.

  .   ____          _            __ _ _
 /\\ / ___'_ __ _ _(_)_ __  __ _ \ \ \ \
( ( )\___ | '_ | '_| | '_ \/ _` | \ \ \ \
 \\/  ___)| |_)| | | | | || (_| |  ) ) ) )
  '  |____| .__|_| |_|_| |_\__, | / / / /
 =========|_|==============|___/=/_/_/_/

 :: Spring Boot ::                (v3.4.1)

2026-06-17T13:13:56.451+07:00  INFO 20808 --- [job-portal] [  restartedMain] com.jobportal.JobPortalApplication       : Starting JobPortalApplication using Java 21.0.6 with PID 20808 (D:\Java Project\Job Portal\target\classes started by Admin in D:\Java Project\Job Portal)
2026-06-17T13:13:56.452+07:00  INFO 20808 --- [job-portal] [  restartedMain] com.jobportal.JobPortalApplication       : No active profile set, falling back to 1 default profile: "default"
2026-06-17T13:13:57.330+07:00  INFO 20808 --- [job-portal] [  restartedMain] .s.d.r.c.RepositoryConfigurationDelegate : Bootstrapping Spring Data JPA repositories in DEFAULT mode.
2026-06-17T13:13:57.389+07:00  INFO 20808 --- [job-portal] [  restartedMain] .s.d.r.c.RepositoryConfigurationDelegate : Finished Spring Data repository scanning in 54 ms. Found 5 JPA repository interfaces.
2026-06-17T13:13:57.832+07:00  INFO 20808 --- [job-portal] [  restartedMain] o.s.b.w.embedded.tomcat.TomcatWebServer  : Tomcat initialized with port 8080 (http)
2026-06-17T13:13:57.840+07:00  INFO 20808 --- [job-portal] [  restartedMain] o.apache.catalina.core.StandardService   : Starting service [Tomcat]
2026-06-17T13:13:57.842+07:00  INFO 20808 --- [job-portal] [  restartedMain] o.apache.catalina.core.StandardEngine    : Starting Servlet engine: [Apache Tomcat/10.1.34]
2026-06-17T13:13:57.899+07:00  INFO 20808 --- [job-portal] [  restartedMain] o.a.c.c.C.[Tomcat].[localhost].[/]       : Initializing Spring embedded WebApplicationContext
2026-06-17T13:13:57.900+07:00  INFO 20808 --- [job-portal] [  restartedMain] w.s.c.ServletWebServerApplicationContext : Root WebApplicationContext: initialization completed in 1440 ms
2026-06-17T13:13:58.026+07:00  INFO 20808 --- [job-portal] [  restartedMain] o.hibernate.jpa.internal.util.LogHelper  : HHH000204: Processing PersistenceUnitInfo [name: default]
2026-06-17T13:13:58.036+07:00  INFO 20808 --- [job-portal] [  restartedMain] o.h.c.internal.RegionFactoryInitiator    : HHH000026: Second-level cache disabled
2026-06-17T13:13:58.082+07:00  INFO 20808 --- [job-portal] [  restartedMain] o.s.o.j.p.SpringPersistenceUnitInfo      : No LoadTimeWeaver setup: ignoring JPA class transformer
2026-06-17T13:13:58.089+07:00  INFO 20808 --- [job-portal] [  restartedMain] com.zaxxer.hikari.HikariDataSource       : HikariPool-2 - Starting...
2026-06-17T13:13:58.167+07:00  INFO 20808 --- [job-portal] [  restartedMain] com.zaxxer.hikari.pool.HikariPool        : HikariPool-2 - Added connection com.mysql.cj.jdbc.ConnectionImpl@511d7004
2026-06-17T13:13:58.168+07:00  INFO 20808 --- [job-portal] [  restartedMain] com.zaxxer.hikari.HikariDataSource       : HikariPool-2 - Start completed.
2026-06-17T13:13:58.174+07:00  WARN 20808 --- [job-portal] [  restartedMain] org.hibernate.orm.deprecation            : HHH90000025: MySQLDialect does not need to be specified explicitly using 'hibernate.dialect' (remove the property setting and it will be selected by default)
2026-06-17T13:13:58.175+07:00  INFO 20808 --- [job-portal] [  restartedMain] org.hibernate.orm.connections.pooling    : HHH10001005: Database info:
	Database JDBC URL [Connecting through datasource 'HikariDataSource (HikariPool-2)']
	Database driver: undefined/unknown
	Database version: 8.0.46
	Autocommit mode: undefined/unknown
	Isolation level: undefined/unknown
	Minimum pool size: undefined/unknown
	Maximum pool size: undefined/unknown
2026-06-17T13:13:58.489+07:00  INFO 20808 --- [job-portal] [  restartedMain] o.h.e.t.j.p.i.JtaPlatformInitiator       : HHH000489: No JTA platform available (set 'hibernate.transaction.jta.platform' to enable JTA platform integration)
2026-06-17T13:13:58.725+07:00  INFO 20808 --- [job-portal] [  restartedMain] j.LocalContainerEntityManagerFactoryBean : Initialized JPA EntityManagerFactory for persistence unit 'default'
2026-06-17T13:13:58.960+07:00  INFO 20808 --- [job-portal] [  restartedMain] r$InitializeUserDetailsManagerConfigurer : Global AuthenticationManager configured with UserDetailsService bean with name customUserDetailsService
2026-06-17T13:13:59.027+07:00  WARN 20808 --- [job-portal] [  restartedMain] JpaBaseConfiguration$JpaWebConfiguration : spring.jpa.open-in-view is enabled by default. Therefore, database queries may be performed during view rendering. Explicitly configure spring.jpa.open-in-view to disable this warning
2026-06-17T13:13:59.066+07:00  INFO 20808 --- [job-portal] [  restartedMain] o.s.b.a.w.s.WelcomePageHandlerMapping    : Adding welcome page: class path resource [static/index.html]
2026-06-17T13:13:59.313+07:00  WARN 20808 --- [job-portal] [  restartedMain] ion$DefaultTemplateResolverConfiguration : Cannot find template location: classpath:/templates/ (please add some templates, check your Thymeleaf configuration, or set spring.thymeleaf.check-template-location=false)
2026-06-17T13:13:59.358+07:00  INFO 20808 --- [job-portal] [  restartedMain] o.s.b.a.h2.H2ConsoleAutoConfiguration    : H2 console available at '/h2-console'. Database available at 'jdbc:mysql://localhost:3306/jobportal?useSSL=false&allowPublicKeyRetrieval=true'
2026-06-17T13:13:59.409+07:00  INFO 20808 --- [job-portal] [  restartedMain] o.s.b.d.a.OptionalLiveReloadServer       : LiveReload server is running on port 35729
2026-06-17T13:13:59.436+07:00  INFO 20808 --- [job-portal] [  restartedMain] o.s.b.w.embedded.tomcat.TomcatWebServer  : Tomcat started on port 8080 (http) with context path '/'
2026-06-17T13:13:59.445+07:00  INFO 20808 --- [job-portal] [  restartedMain] com.jobportal.JobPortalApplication       : Started JobPortalApplication in 3.079 seconds (process running for 338.099)
Hibernate: select r1_0.id,r1_0.value from roles r1_0 where r1_0.value=?
Hibernate: select r1_0.id,r1_0.value from roles r1_0 where r1_0.value=?
Hibernate: select r1_0.id,r1_0.value from roles r1_0 where r1_0.value=?
2026-06-17T13:13:59.519+07:00  INFO 20808 --- [job-portal] [  restartedMain] .ConditionEvaluationDeltaLoggingListener : Condition evaluation unchanged
2026-06-17T13:14:02.973+07:00  INFO 20808 --- [job-portal] [   File Watcher] rtingClassPathChangeChangedEventListener : Restarting due to 1 class path change (0 additions, 0 deletions, 1 modification)
2026-06-17T13:14:02.977+07:00  INFO 20808 --- [job-portal] [       Thread-7] o.s.b.w.e.tomcat.GracefulShutdown        : Commencing graceful shutdown. Waiting for active requests to complete
2026-06-17T13:14:02.986+07:00  INFO 20808 --- [job-portal] [tomcat-shutdown] o.s.b.w.e.tomcat.GracefulShutdown        : Graceful shutdown complete
2026-06-17T13:14:02.991+07:00  INFO 20808 --- [job-portal] [       Thread-7] j.LocalContainerEntityManagerFactoryBean : Closing JPA EntityManagerFactory for persistence unit 'default'
2026-06-17T13:14:02.995+07:00  INFO 20808 --- [job-portal] [       Thread-7] com.zaxxer.hikari.HikariDataSource       : HikariPool-2 - Shutdown initiated...
2026-06-17T13:14:02.999+07:00  INFO 20808 --- [job-portal] [       Thread-7] com.zaxxer.hikari.HikariDataSource       : HikariPool-2 - Shutdown completed.

  .   ____          _            __ _ _
 /\\ / ___'_ __ _ _(_)_ __  __ _ \ \ \ \
( ( )\___ | '_ | '_| | '_ \/ _` | \ \ \ \
 \\/  ___)| |_)| | | | | || (_| |  ) ) ) )
  '  |____| .__|_| |_|_| |_\__, | / / / /
 =========|_|==============|___/=/_/_/_/

 :: Spring Boot ::                (v3.4.1)

2026-06-17T13:14:03.124+07:00  INFO 20808 --- [job-portal] [  restartedMain] com.jobportal.JobPortalApplication       : Starting JobPortalApplication using Java 21.0.6 with PID 20808 (D:\Java Project\Job Portal\target\classes started by Admin in D:\Java Project\Job Portal)
2026-06-17T13:14:03.124+07:00  INFO 20808 --- [job-portal] [  restartedMain] com.jobportal.JobPortalApplication       : No active profile set, falling back to 1 default profile: "default"
2026-06-17T13:14:03.564+07:00  INFO 20808 --- [job-portal] [  restartedMain] .s.d.r.c.RepositoryConfigurationDelegate : Bootstrapping Spring Data JPA repositories in DEFAULT mode.
2026-06-17T13:14:03.638+07:00  INFO 20808 --- [job-portal] [  restartedMain] .s.d.r.c.RepositoryConfigurationDelegate : Finished Spring Data repository scanning in 71 ms. Found 5 JPA repository interfaces.
2026-06-17T13:14:04.015+07:00  INFO 20808 --- [job-portal] [  restartedMain] o.s.b.w.embedded.tomcat.TomcatWebServer  : Tomcat initialized with port 8080 (http)
2026-06-17T13:14:04.018+07:00  INFO 20808 --- [job-portal] [  restartedMain] o.apache.catalina.core.StandardService   : Starting service [Tomcat]
2026-06-17T13:14:04.018+07:00  INFO 20808 --- [job-portal] [  restartedMain] o.apache.catalina.core.StandardEngine    : Starting Servlet engine: [Apache Tomcat/10.1.34]
2026-06-17T13:14:04.065+07:00  INFO 20808 --- [job-portal] [  restartedMain] o.a.c.c.C.[Tomcat].[localhost].[/]       : Initializing Spring embedded WebApplicationContext
2026-06-17T13:14:04.066+07:00  INFO 20808 --- [job-portal] [  restartedMain] w.s.c.ServletWebServerApplicationContext : Root WebApplicationContext: initialization completed in 939 ms
2026-06-17T13:14:04.160+07:00  INFO 20808 --- [job-portal] [  restartedMain] o.hibernate.jpa.internal.util.LogHelper  : HHH000204: Processing PersistenceUnitInfo [name: default]
2026-06-17T13:14:04.165+07:00  INFO 20808 --- [job-portal] [  restartedMain] o.h.c.internal.RegionFactoryInitiator    : HHH000026: Second-level cache disabled
2026-06-17T13:14:04.188+07:00  INFO 20808 --- [job-portal] [  restartedMain] o.s.o.j.p.SpringPersistenceUnitInfo      : No LoadTimeWeaver setup: ignoring JPA class transformer
2026-06-17T13:14:04.191+07:00  INFO 20808 --- [job-portal] [  restartedMain] com.zaxxer.hikari.HikariDataSource       : HikariPool-3 - Starting...
2026-06-17T13:14:04.223+07:00  INFO 20808 --- [job-portal] [  restartedMain] com.zaxxer.hikari.pool.HikariPool        : HikariPool-3 - Added connection com.mysql.cj.jdbc.ConnectionImpl@6846f064
2026-06-17T13:14:04.224+07:00  INFO 20808 --- [job-portal] [  restartedMain] com.zaxxer.hikari.HikariDataSource       : HikariPool-3 - Start completed.
2026-06-17T13:14:04.229+07:00  WARN 20808 --- [job-portal] [  restartedMain] org.hibernate.orm.deprecation            : HHH90000025: MySQLDialect does not need to be specified explicitly using 'hibernate.dialect' (remove the property setting and it will be selected by default)
2026-06-17T13:14:04.231+07:00  INFO 20808 --- [job-portal] [  restartedMain] org.hibernate.orm.connections.pooling    : HHH10001005: Database info:
	Database JDBC URL [Connecting through datasource 'HikariDataSource (HikariPool-3)']
	Database driver: undefined/unknown
	Database version: 8.0.46
	Autocommit mode: undefined/unknown
	Isolation level: undefined/unknown
	Minimum pool size: undefined/unknown
	Maximum pool size: undefined/unknown
2026-06-17T13:14:04.926+07:00  INFO 20808 --- [job-portal] [  restartedMain] o.h.e.t.j.p.i.JtaPlatformInitiator       : HHH000489: No JTA platform available (set 'hibernate.transaction.jta.platform' to enable JTA platform integration)
2026-06-17T13:14:05.118+07:00  INFO 20808 --- [job-portal] [  restartedMain] j.LocalContainerEntityManagerFactoryBean : Initialized JPA EntityManagerFactory for persistence unit 'default'
2026-06-17T13:14:05.491+07:00  INFO 20808 --- [job-portal] [  restartedMain] r$InitializeUserDetailsManagerConfigurer : Global AuthenticationManager configured with UserDetailsService bean with name customUserDetailsService
2026-06-17T13:14:05.588+07:00  WARN 20808 --- [job-portal] [  restartedMain] JpaBaseConfiguration$JpaWebConfiguration : spring.jpa.open-in-view is enabled by default. Therefore, database queries may be performed during view rendering. Explicitly configure spring.jpa.open-in-view to disable this warning
2026-06-17T13:14:05.654+07:00  INFO 20808 --- [job-portal] [  restartedMain] o.s.b.a.w.s.WelcomePageHandlerMapping    : Adding welcome page: class path resource [static/index.html]
2026-06-17T13:14:06.047+07:00  WARN 20808 --- [job-portal] [  restartedMain] ion$DefaultTemplateResolverConfiguration : Cannot find template location: classpath:/templates/ (please add some templates, check your Thymeleaf configuration, or set spring.thymeleaf.check-template-location=false)
2026-06-17T13:14:06.108+07:00  INFO 20808 --- [job-portal] [  restartedMain] o.s.b.a.h2.H2ConsoleAutoConfiguration    : H2 console available at '/h2-console'. Database available at 'jdbc:mysql://localhost:3306/jobportal?useSSL=false&allowPublicKeyRetrieval=true'
2026-06-17T13:14:06.175+07:00  INFO 20808 --- [job-portal] [  restartedMain] o.s.b.d.a.OptionalLiveReloadServer       : LiveReload server is running on port 35729
2026-06-17T13:14:06.298+07:00  INFO 20808 --- [job-portal] [  restartedMain] o.s.b.w.embedded.tomcat.TomcatWebServer  : Tomcat started on port 8080 (http) with context path '/'
2026-06-17T13:14:06.324+07:00  INFO 20808 --- [job-portal] [  restartedMain] com.jobportal.JobPortalApplication       : Started JobPortalApplication in 3.241 seconds (process running for 344.977)
Hibernate: select r1_0.id,r1_0.value from roles r1_0 where r1_0.value=?
Hibernate: select r1_0.id,r1_0.value from roles r1_0 where r1_0.value=?
Hibernate: select r1_0.id,r1_0.value from roles r1_0 where r1_0.value=?
2026-06-17T13:14:06.546+07:00  INFO 20808 --- [job-portal] [  restartedMain] .ConditionEvaluationDeltaLoggingListener : Condition evaluation unchanged
2026-06-17T13:14:07.638+07:00  INFO 20808 --- [job-portal] [   File Watcher] rtingClassPathChangeChangedEventListener : Restarting due to 1 class path change (0 additions, 0 deletions, 1 modification)
2026-06-17T13:14:07.642+07:00  INFO 20808 --- [job-portal] [      Thread-11] o.s.b.w.e.tomcat.GracefulShutdown        : Commencing graceful shutdown. Waiting for active requests to complete
2026-06-17T13:14:07.655+07:00  INFO 20808 --- [job-portal] [tomcat-shutdown] o.s.b.w.e.tomcat.GracefulShutdown        : Graceful shutdown complete
2026-06-17T13:14:07.660+07:00  INFO 20808 --- [job-portal] [      Thread-11] j.LocalContainerEntityManagerFactoryBean : Closing JPA EntityManagerFactory for persistence unit 'default'
2026-06-17T13:14:07.661+07:00  INFO 20808 --- [job-portal] [      Thread-11] com.zaxxer.hikari.HikariDataSource       : HikariPool-3 - Shutdown initiated...
2026-06-17T13:14:07.671+07:00  INFO 20808 --- [job-portal] [      Thread-11] com.zaxxer.hikari.HikariDataSource       : HikariPool-3 - Shutdown completed.

  .   ____          _            __ _ _
 /\\ / ___'_ __ _ _(_)_ __  __ _ \ \ \ \
( ( )\___ | '_ | '_| | '_ \/ _` | \ \ \ \
 \\/  ___)| |_)| | | | | || (_| |  ) ) ) )
  '  |____| .__|_| |_|_| |_\__, | / / / /
 =========|_|==============|___/=/_/_/_/

 :: Spring Boot ::                (v3.4.1)

2026-06-17T13:14:07.822+07:00  INFO 20808 --- [job-portal] [  restartedMain] com.jobportal.JobPortalApplication       : Starting JobPortalApplication using Java 21.0.6 with PID 20808 (D:\Java Project\Job Portal\target\classes started by Admin in D:\Java Project\Job Portal)
2026-06-17T13:14:07.824+07:00  INFO 20808 --- [job-portal] [  restartedMain] com.jobportal.JobPortalApplication       : No active profile set, falling back to 1 default profile: "default"
2026-06-17T13:14:08.599+07:00  INFO 20808 --- [job-portal] [  restartedMain] .s.d.r.c.RepositoryConfigurationDelegate : Bootstrapping Spring Data JPA repositories in DEFAULT mode.
2026-06-17T13:14:08.672+07:00  INFO 20808 --- [job-portal] [  restartedMain] .s.d.r.c.RepositoryConfigurationDelegate : Finished Spring Data repository scanning in 70 ms. Found 5 JPA repository interfaces.
2026-06-17T13:14:08.967+07:00  INFO 20808 --- [job-portal] [  restartedMain] o.s.b.w.embedded.tomcat.TomcatWebServer  : Tomcat initialized with port 8080 (http)
2026-06-17T13:14:08.970+07:00  INFO 20808 --- [job-portal] [  restartedMain] o.apache.catalina.core.StandardService   : Starting service [Tomcat]
2026-06-17T13:14:08.974+07:00  INFO 20808 --- [job-portal] [  restartedMain] o.apache.catalina.core.StandardEngine    : Starting Servlet engine: [Apache Tomcat/10.1.34]
2026-06-17T13:14:09.014+07:00  INFO 20808 --- [job-portal] [  restartedMain] o.a.c.c.C.[Tomcat].[localhost].[/]       : Initializing Spring embedded WebApplicationContext
2026-06-17T13:14:09.015+07:00  INFO 20808 --- [job-portal] [  restartedMain] w.s.c.ServletWebServerApplicationContext : Root WebApplicationContext: initialization completed in 1187 ms
2026-06-17T13:14:09.134+07:00  INFO 20808 --- [job-portal] [  restartedMain] o.hibernate.jpa.internal.util.LogHelper  : HHH000204: Processing PersistenceUnitInfo [name: default]
2026-06-17T13:14:09.147+07:00  INFO 20808 --- [job-portal] [  restartedMain] o.h.c.internal.RegionFactoryInitiator    : HHH000026: Second-level cache disabled
2026-06-17T13:14:09.173+07:00  INFO 20808 --- [job-portal] [  restartedMain] o.s.o.j.p.SpringPersistenceUnitInfo      : No LoadTimeWeaver setup: ignoring JPA class transformer
2026-06-17T13:14:09.179+07:00  INFO 20808 --- [job-portal] [  restartedMain] com.zaxxer.hikari.HikariDataSource       : HikariPool-4 - Starting...
2026-06-17T13:14:09.241+07:00  INFO 20808 --- [job-portal] [  restartedMain] com.zaxxer.hikari.pool.HikariPool        : HikariPool-4 - Added connection com.mysql.cj.jdbc.ConnectionImpl@4dc79e74
2026-06-17T13:14:09.242+07:00  INFO 20808 --- [job-portal] [  restartedMain] com.zaxxer.hikari.HikariDataSource       : HikariPool-4 - Start completed.
2026-06-17T13:14:09.252+07:00  WARN 20808 --- [job-portal] [  restartedMain] org.hibernate.orm.deprecation            : HHH90000025: MySQLDialect does not need to be specified explicitly using 'hibernate.dialect' (remove the property setting and it will be selected by default)
2026-06-17T13:14:09.255+07:00  INFO 20808 --- [job-portal] [  restartedMain] org.hibernate.orm.connections.pooling    : HHH10001005: Database info:
	Database JDBC URL [Connecting through datasource 'HikariDataSource (HikariPool-4)']
	Database driver: undefined/unknown
	Database version: 8.0.46
	Autocommit mode: undefined/unknown
	Isolation level: undefined/unknown
	Minimum pool size: undefined/unknown
	Maximum pool size: undefined/unknown
2026-06-17T13:14:09.584+07:00  INFO 20808 --- [job-portal] [  restartedMain] o.h.e.t.j.p.i.JtaPlatformInitiator       : HHH000489: No JTA platform available (set 'hibernate.transaction.jta.platform' to enable JTA platform integration)
2026-06-17T13:14:09.770+07:00  INFO 20808 --- [job-portal] [  restartedMain] j.LocalContainerEntityManagerFactoryBean : Initialized JPA EntityManagerFactory for persistence unit 'default'
2026-06-17T13:14:10.127+07:00  INFO 20808 --- [job-portal] [  restartedMain] r$InitializeUserDetailsManagerConfigurer : Global AuthenticationManager configured with UserDetailsService bean with name customUserDetailsService
2026-06-17T13:14:10.222+07:00  WARN 20808 --- [job-portal] [  restartedMain] JpaBaseConfiguration$JpaWebConfiguration : spring.jpa.open-in-view is enabled by default. Therefore, database queries may be performed during view rendering. Explicitly configure spring.jpa.open-in-view to disable this warning
2026-06-17T13:14:10.261+07:00  INFO 20808 --- [job-portal] [  restartedMain] o.s.b.a.w.s.WelcomePageHandlerMapping    : Adding welcome page: class path resource [static/index.html]
2026-06-17T13:14:10.618+07:00  WARN 20808 --- [job-portal] [  restartedMain] ion$DefaultTemplateResolverConfiguration : Cannot find template location: classpath:/templates/ (please add some templates, check your Thymeleaf configuration, or set spring.thymeleaf.check-template-location=false)
2026-06-17T13:14:10.709+07:00  INFO 20808 --- [job-portal] [  restartedMain] o.s.b.a.h2.H2ConsoleAutoConfiguration    : H2 console available at '/h2-console'. Database available at 'jdbc:mysql://localhost:3306/jobportal?useSSL=false&allowPublicKeyRetrieval=true'
2026-06-17T13:14:10.782+07:00  INFO 20808 --- [job-portal] [  restartedMain] o.s.b.d.a.OptionalLiveReloadServer       : LiveReload server is running on port 35729
2026-06-17T13:14:10.817+07:00  INFO 20808 --- [job-portal] [  restartedMain] o.s.b.w.embedded.tomcat.TomcatWebServer  : Tomcat started on port 8080 (http) with context path '/'
2026-06-17T13:14:10.824+07:00  INFO 20808 --- [job-portal] [  restartedMain] com.jobportal.JobPortalApplication       : Started JobPortalApplication in 3.067 seconds (process running for 349.478)
Hibernate: select r1_0.id,r1_0.value from roles r1_0 where r1_0.value=?
Hibernate: select r1_0.id,r1_0.value from roles r1_0 where r1_0.value=?
Hibernate: select r1_0.id,r1_0.value from roles r1_0 where r1_0.value=?
2026-06-17T13:14:10.997+07:00  INFO 20808 --- [job-portal] [  restartedMain] .ConditionEvaluationDeltaLoggingListener : Condition evaluation unchanged
2026-06-17T13:14:12.238+07:00  INFO 20808 --- [job-portal] [   File Watcher] rtingClassPathChangeChangedEventListener : Restarting due to 2 class path changes (0 additions, 0 deletions, 2 modifications)
2026-06-17T13:14:12.249+07:00  INFO 20808 --- [job-portal] [      Thread-15] o.s.b.w.e.tomcat.GracefulShutdown        : Commencing graceful shutdown. Waiting for active requests to complete
2026-06-17T13:14:12.264+07:00  INFO 20808 --- [job-portal] [tomcat-shutdown] o.s.b.w.e.tomcat.GracefulShutdown        : Graceful shutdown complete
2026-06-17T13:14:12.270+07:00  INFO 20808 --- [job-portal] [      Thread-15] j.LocalContainerEntityManagerFactoryBean : Closing JPA EntityManagerFactory for persistence unit 'default'
2026-06-17T13:14:12.273+07:00  INFO 20808 --- [job-portal] [      Thread-15] com.zaxxer.hikari.HikariDataSource       : HikariPool-4 - Shutdown initiated...
2026-06-17T13:14:12.278+07:00  INFO 20808 --- [job-portal] [      Thread-15] com.zaxxer.hikari.HikariDataSource       : HikariPool-4 - Shutdown completed.

  .   ____          _            __ _ _
 /\\ / ___'_ __ _ _(_)_ __  __ _ \ \ \ \
( ( )\___ | '_ | '_| | '_ \/ _` | \ \ \ \
 \\/  ___)| |_)| | | | | || (_| |  ) ) ) )
  '  |____| .__|_| |_|_| |_\__, | / / / /
 =========|_|==============|___/=/_/_/_/

 :: Spring Boot ::                (v3.4.1)

2026-06-17T13:14:12.466+07:00  INFO 20808 --- [job-portal] [  restartedMain] com.jobportal.JobPortalApplication       : Starting JobPortalApplication using Java 21.0.6 with PID 20808 (D:\Java Project\Job Portal\target\classes started by Admin in D:\Java Project\Job Portal)
2026-06-17T13:14:12.466+07:00  INFO 20808 --- [job-portal] [  restartedMain] com.jobportal.JobPortalApplication       : No active profile set, falling back to 1 default profile: "default"
2026-06-17T13:14:13.201+07:00  INFO 20808 --- [job-portal] [  restartedMain] .s.d.r.c.RepositoryConfigurationDelegate : Bootstrapping Spring Data JPA repositories in DEFAULT mode.
2026-06-17T13:14:13.262+07:00  INFO 20808 --- [job-portal] [  restartedMain] .s.d.r.c.RepositoryConfigurationDelegate : Finished Spring Data repository scanning in 58 ms. Found 5 JPA repository interfaces.
2026-06-17T13:14:13.510+07:00  INFO 20808 --- [job-portal] [  restartedMain] o.s.b.w.embedded.tomcat.TomcatWebServer  : Tomcat initialized with port 8080 (http)
2026-06-17T13:14:13.511+07:00  INFO 20808 --- [job-portal] [  restartedMain] o.apache.catalina.core.StandardService   : Starting service [Tomcat]
2026-06-17T13:14:13.512+07:00  INFO 20808 --- [job-portal] [  restartedMain] o.apache.catalina.core.StandardEngine    : Starting Servlet engine: [Apache Tomcat/10.1.34]
2026-06-17T13:14:13.565+07:00  INFO 20808 --- [job-portal] [  restartedMain] o.a.c.c.C.[Tomcat].[localhost].[/]       : Initializing Spring embedded WebApplicationContext
2026-06-17T13:14:13.566+07:00  INFO 20808 --- [job-portal] [  restartedMain] w.s.c.ServletWebServerApplicationContext : Root WebApplicationContext: initialization completed in 1094 ms
2026-06-17T13:14:13.677+07:00  INFO 20808 --- [job-portal] [  restartedMain] o.hibernate.jpa.internal.util.LogHelper  : HHH000204: Processing PersistenceUnitInfo [name: default]
2026-06-17T13:14:13.680+07:00  INFO 20808 --- [job-portal] [  restartedMain] o.h.c.internal.RegionFactoryInitiator    : HHH000026: Second-level cache disabled
2026-06-17T13:14:13.701+07:00  INFO 20808 --- [job-portal] [  restartedMain] o.s.o.j.p.SpringPersistenceUnitInfo      : No LoadTimeWeaver setup: ignoring JPA class transformer
2026-06-17T13:14:13.703+07:00  INFO 20808 --- [job-portal] [  restartedMain] com.zaxxer.hikari.HikariDataSource       : HikariPool-5 - Starting...
2026-06-17T13:14:13.723+07:00  INFO 20808 --- [job-portal] [  restartedMain] com.zaxxer.hikari.pool.HikariPool        : HikariPool-5 - Added connection com.mysql.cj.jdbc.ConnectionImpl@5605d3b1
2026-06-17T13:14:13.723+07:00  INFO 20808 --- [job-portal] [  restartedMain] com.zaxxer.hikari.HikariDataSource       : HikariPool-5 - Start completed.
2026-06-17T13:14:13.727+07:00  WARN 20808 --- [job-portal] [  restartedMain] org.hibernate.orm.deprecation            : HHH90000025: MySQLDialect does not need to be specified explicitly using 'hibernate.dialect' (remove the property setting and it will be selected by default)
2026-06-17T13:14:13.728+07:00  INFO 20808 --- [job-portal] [  restartedMain] org.hibernate.orm.connections.pooling    : HHH10001005: Database info:
	Database JDBC URL [Connecting through datasource 'HikariDataSource (HikariPool-5)']
	Database driver: undefined/unknown
	Database version: 8.0.46
	Autocommit mode: undefined/unknown
	Isolation level: undefined/unknown
	Minimum pool size: undefined/unknown
	Maximum pool size: undefined/unknown
2026-06-17T13:14:13.967+07:00  INFO 20808 --- [job-portal] [  restartedMain] o.h.e.t.j.p.i.JtaPlatformInitiator       : HHH000489: No JTA platform available (set 'hibernate.transaction.jta.platform' to enable JTA platform integration)
2026-06-17T13:14:14.073+07:00  INFO 20808 --- [job-portal] [  restartedMain] j.LocalContainerEntityManagerFactoryBean : Initialized JPA EntityManagerFactory for persistence unit 'default'
2026-06-17T13:14:14.297+07:00  INFO 20808 --- [job-portal] [  restartedMain] r$InitializeUserDetailsManagerConfigurer : Global AuthenticationManager configured with UserDetailsService bean with name customUserDetailsService
2026-06-17T13:14:14.346+07:00  WARN 20808 --- [job-portal] [  restartedMain] JpaBaseConfiguration$JpaWebConfiguration : spring.jpa.open-in-view is enabled by default. Therefore, database queries may be performed during view rendering. Explicitly configure spring.jpa.open-in-view to disable this warning
2026-06-17T13:14:14.368+07:00  INFO 20808 --- [job-portal] [  restartedMain] o.s.b.a.w.s.WelcomePageHandlerMapping    : Adding welcome page: class path resource [static/index.html]
2026-06-17T13:14:14.577+07:00  WARN 20808 --- [job-portal] [  restartedMain] ion$DefaultTemplateResolverConfiguration : Cannot find template location: classpath:/templates/ (please add some templates, check your Thymeleaf configuration, or set spring.thymeleaf.check-template-location=false)
2026-06-17T13:14:14.615+07:00  INFO 20808 --- [job-portal] [  restartedMain] o.s.b.a.h2.H2ConsoleAutoConfiguration    : H2 console available at '/h2-console'. Database available at 'jdbc:mysql://localhost:3306/jobportal?useSSL=false&allowPublicKeyRetrieval=true'
2026-06-17T13:14:14.644+07:00  INFO 20808 --- [job-portal] [  restartedMain] o.s.b.d.a.OptionalLiveReloadServer       : LiveReload server is running on port 35729
2026-06-17T13:14:14.665+07:00  INFO 20808 --- [job-portal] [  restartedMain] o.s.b.w.embedded.tomcat.TomcatWebServer  : Tomcat started on port 8080 (http) with context path '/'
2026-06-17T13:14:14.672+07:00  INFO 20808 --- [job-portal] [  restartedMain] com.jobportal.JobPortalApplication       : Started JobPortalApplication in 2.288 seconds (process running for 353.325)
Hibernate: select r1_0.id,r1_0.value from roles r1_0 where r1_0.value=?
Hibernate: select r1_0.id,r1_0.value from roles r1_0 where r1_0.value=?
Hibernate: select r1_0.id,r1_0.value from roles r1_0 where r1_0.value=?
2026-06-17T13:14:14.766+07:00  INFO 20808 --- [job-portal] [  restartedMain] .ConditionEvaluationDeltaLoggingListener : Condition evaluation unchanged
2026-06-17T13:14:29.773+07:00  INFO 20808 --- [job-portal] [   File Watcher] rtingClassPathChangeChangedEventListener : Restarting due to 1 class path change (0 additions, 0 deletions, 1 modification)
2026-06-17T13:14:29.777+07:00  INFO 20808 --- [job-portal] [      Thread-19] o.s.b.w.e.tomcat.GracefulShutdown        : Commencing graceful shutdown. Waiting for active requests to complete
2026-06-17T13:14:29.798+07:00  INFO 20808 --- [job-portal] [tomcat-shutdown] o.s.b.w.e.tomcat.GracefulShutdown        : Graceful shutdown complete
2026-06-17T13:14:29.802+07:00  INFO 20808 --- [job-portal] [      Thread-19] j.LocalContainerEntityManagerFactoryBean : Closing JPA EntityManagerFactory for persistence unit 'default'
2026-06-17T13:14:29.803+07:00  INFO 20808 --- [job-portal] [      Thread-19] com.zaxxer.hikari.HikariDataSource       : HikariPool-5 - Shutdown initiated...
2026-06-17T13:14:29.809+07:00  INFO 20808 --- [job-portal] [      Thread-19] com.zaxxer.hikari.HikariDataSource       : HikariPool-5 - Shutdown completed.

  .   ____          _            __ _ _
 /\\ / ___'_ __ _ _(_)_ __  __ _ \ \ \ \
( ( )\___ | '_ | '_| | '_ \/ _` | \ \ \ \
 \\/  ___)| |_)| | | | | || (_| |  ) ) ) )
  '  |____| .__|_| |_|_| |_\__, | / / / /
 =========|_|==============|___/=/_/_/_/

 :: Spring Boot ::                (v3.4.1)

2026-06-17T13:14:29.940+07:00  INFO 20808 --- [job-portal] [  restartedMain] com.jobportal.JobPortalApplication       : Starting JobPortalApplication using Java 21.0.6 with PID 20808 (D:\Java Project\Job Portal\target\classes started by Admin in D:\Java Project\Job Portal)
2026-06-17T13:14:29.943+07:00  INFO 20808 --- [job-portal] [  restartedMain] com.jobportal.JobPortalApplication       : No active profile set, falling back to 1 default profile: "default"
2026-06-17T13:14:30.430+07:00  INFO 20808 --- [job-portal] [  restartedMain] .s.d.r.c.RepositoryConfigurationDelegate : Bootstrapping Spring Data JPA repositories in DEFAULT mode.
2026-06-17T13:14:30.492+07:00  INFO 20808 --- [job-portal] [  restartedMain] .s.d.r.c.RepositoryConfigurationDelegate : Finished Spring Data repository scanning in 59 ms. Found 5 JPA repository interfaces.
2026-06-17T13:14:30.712+07:00  INFO 20808 --- [job-portal] [  restartedMain] o.s.b.w.embedded.tomcat.TomcatWebServer  : Tomcat initialized with port 8080 (http)
2026-06-17T13:14:30.715+07:00  INFO 20808 --- [job-portal] [  restartedMain] o.apache.catalina.core.StandardService   : Starting service [Tomcat]
2026-06-17T13:14:30.715+07:00  INFO 20808 --- [job-portal] [  restartedMain] o.apache.catalina.core.StandardEngine    : Starting Servlet engine: [Apache Tomcat/10.1.34]
2026-06-17T13:14:30.758+07:00  INFO 20808 --- [job-portal] [  restartedMain] o.a.c.c.C.[Tomcat].[localhost].[/]       : Initializing Spring embedded WebApplicationContext
2026-06-17T13:14:30.761+07:00  INFO 20808 --- [job-portal] [  restartedMain] w.s.c.ServletWebServerApplicationContext : Root WebApplicationContext: initialization completed in 813 ms
2026-06-17T13:14:30.906+07:00  INFO 20808 --- [job-portal] [  restartedMain] o.hibernate.jpa.internal.util.LogHelper  : HHH000204: Processing PersistenceUnitInfo [name: default]
2026-06-17T13:14:30.908+07:00  INFO 20808 --- [job-portal] [  restartedMain] o.h.c.internal.RegionFactoryInitiator    : HHH000026: Second-level cache disabled
2026-06-17T13:14:30.933+07:00  INFO 20808 --- [job-portal] [  restartedMain] o.s.o.j.p.SpringPersistenceUnitInfo      : No LoadTimeWeaver setup: ignoring JPA class transformer
2026-06-17T13:14:30.940+07:00  INFO 20808 --- [job-portal] [  restartedMain] com.zaxxer.hikari.HikariDataSource       : HikariPool-6 - Starting...
2026-06-17T13:14:30.966+07:00  INFO 20808 --- [job-portal] [  restartedMain] com.zaxxer.hikari.pool.HikariPool        : HikariPool-6 - Added connection com.mysql.cj.jdbc.ConnectionImpl@6e271084
2026-06-17T13:14:30.968+07:00  INFO 20808 --- [job-portal] [  restartedMain] com.zaxxer.hikari.HikariDataSource       : HikariPool-6 - Start completed.
2026-06-17T13:14:30.973+07:00  WARN 20808 --- [job-portal] [  restartedMain] org.hibernate.orm.deprecation            : HHH90000025: MySQLDialect does not need to be specified explicitly using 'hibernate.dialect' (remove the property setting and it will be selected by default)
2026-06-17T13:14:30.974+07:00  INFO 20808 --- [job-portal] [  restartedMain] org.hibernate.orm.connections.pooling    : HHH10001005: Database info:
	Database JDBC URL [Connecting through datasource 'HikariDataSource (HikariPool-6)']
	Database driver: undefined/unknown
	Database version: 8.0.46
	Autocommit mode: undefined/unknown
	Isolation level: undefined/unknown
	Minimum pool size: undefined/unknown
	Maximum pool size: undefined/unknown
2026-06-17T13:14:31.195+07:00  INFO 20808 --- [job-portal] [  restartedMain] o.h.e.t.j.p.i.JtaPlatformInitiator       : HHH000489: No JTA platform available (set 'hibernate.transaction.jta.platform' to enable JTA platform integration)
2026-06-17T13:14:31.330+07:00  INFO 20808 --- [job-portal] [  restartedMain] j.LocalContainerEntityManagerFactoryBean : Initialized JPA EntityManagerFactory for persistence unit 'default'
2026-06-17T13:14:31.521+07:00  INFO 20808 --- [job-portal] [  restartedMain] r$InitializeUserDetailsManagerConfigurer : Global AuthenticationManager configured with UserDetailsService bean with name customUserDetailsService
2026-06-17T13:14:31.548+07:00  WARN 20808 --- [job-portal] [  restartedMain] JpaBaseConfiguration$JpaWebConfiguration : spring.jpa.open-in-view is enabled by default. Therefore, database queries may be performed during view rendering. Explicitly configure spring.jpa.open-in-view to disable this warning
2026-06-17T13:14:31.578+07:00  INFO 20808 --- [job-portal] [  restartedMain] o.s.b.a.w.s.WelcomePageHandlerMapping    : Adding welcome page: class path resource [static/index.html]
2026-06-17T13:14:31.794+07:00  WARN 20808 --- [job-portal] [  restartedMain] ion$DefaultTemplateResolverConfiguration : Cannot find template location: classpath:/templates/ (please add some templates, check your Thymeleaf configuration, or set spring.thymeleaf.check-template-location=false)
2026-06-17T13:14:31.829+07:00  INFO 20808 --- [job-portal] [  restartedMain] o.s.b.a.h2.H2ConsoleAutoConfiguration    : H2 console available at '/h2-console'. Database available at 'jdbc:mysql://localhost:3306/jobportal?useSSL=false&allowPublicKeyRetrieval=true'
2026-06-17T13:14:31.846+07:00  INFO 20808 --- [job-portal] [  restartedMain] o.s.b.d.a.OptionalLiveReloadServer       : LiveReload server is running on port 35729
2026-06-17T13:14:31.865+07:00  INFO 20808 --- [job-portal] [  restartedMain] o.s.b.w.embedded.tomcat.TomcatWebServer  : Tomcat started on port 8080 (http) with context path '/'
2026-06-17T13:14:31.871+07:00  INFO 20808 --- [job-portal] [  restartedMain] com.jobportal.JobPortalApplication       : Started JobPortalApplication in 1.982 seconds (process running for 370.525)
Hibernate: select r1_0.id,r1_0.value from roles r1_0 where r1_0.value=?
Hibernate: select r1_0.id,r1_0.value from roles r1_0 where r1_0.value=?
Hibernate: select r1_0.id,r1_0.value from roles r1_0 where r1_0.value=?
2026-06-17T13:14:31.957+07:00  INFO 20808 --- [job-portal] [  restartedMain] .ConditionEvaluationDeltaLoggingListener : Condition evaluation unchanged
2026-06-17T13:14:58.080+07:00  INFO 20808 --- [job-portal] [nio-8080-exec-1] o.a.c.c.C.[Tomcat].[localhost].[/]       : Initializing Spring DispatcherServlet 'dispatcherServlet'
2026-06-17T13:14:58.080+07:00  INFO 20808 --- [job-portal] [nio-8080-exec-1] o.s.web.servlet.DispatcherServlet        : Initializing Servlet 'dispatcherServlet'
2026-06-17T13:14:58.084+07:00  INFO 20808 --- [job-portal] [nio-8080-exec-1] o.s.web.servlet.DispatcherServlet        : Completed initialization in 3 ms
Hibernate: select u1_0.id,u1_0.email,u1_0.fullname,u1_0.is_active,u1_0.password from users u1_0 where u1_0.email=?
Hibernate: select r1_0.user_id,r1_1.id,r1_1.value from users_roles r1_0 join roles r1_1 on r1_1.id=r1_0.role_id where r1_0.user_id=?
Hibernate: select j1_0.id,j1_0.company_id,j1_0.description,j1_0.location,j1_0.salary,j1_0.title from jobs j1_0 where j1_0.id=?
Hibernate: select count(a1_0.id) from applications a1_0 left join jobs j1_0 on j1_0.id=a1_0.job_id where j1_0.id=?
Hibernate: select c1_0.id,c1_0.description,c1_0.name,c1_0.recruiter_id,c1_0.website from companies c1_0 where c1_0.id=?
Hibernate: select u1_0.id,u1_0.email,u1_0.fullname,u1_0.is_active,u1_0.password from users u1_0 where u1_0.email=?
Hibernate: select r1_0.user_id,r1_1.id,r1_1.value from users_roles r1_0 join roles r1_1 on r1_1.id=r1_0.role_id where r1_0.user_id=?
Hibernate: select c1_0.id,c1_0.description,c1_0.name,c1_0.recruiter_id,c1_0.website from companies c1_0 left join users r1_0 on r1_0.id=c1_0.recruiter_id where r1_0.id=?
Hibernate: select j1_0.id,j1_0.company_id,j1_0.description,j1_0.location,j1_0.salary,j1_0.title from jobs j1_0 left join companies c1_0 on c1_0.id=j1_0.company_id where c1_0.id=?
Hibernate: select count(a1_0.id) from applications a1_0 left join jobs j1_0 on j1_0.id=a1_0.job_id where j1_0.id=?
Hibernate: select u1_0.id,u1_0.email,u1_0.fullname,u1_0.is_active,u1_0.password from users u1_0 where u1_0.email=?
Hibernate: select r1_0.user_id,r1_1.id,r1_1.value from users_roles r1_0 join roles r1_1 on r1_1.id=r1_0.role_id where r1_0.user_id=?
Hibernate: select a1_0.id,a1_0.applied_at,a1_0.candidate_id,a1_0.cv_url,a1_0.job_id,a1_0.status from applications a1_0 left join jobs j1_0 on j1_0.id=a1_0.job_id where j1_0.id=?
Hibernate: select u1_0.id,u1_0.email,u1_0.fullname,u1_0.is_active,u1_0.password,r1_0.user_id,r1_1.id,r1_1.value from users u1_0 left join users_roles r1_0 on u1_0.id=r1_0.user_id left join roles r1_1 on r1_1.id=r1_0.role_id where u1_0.id=?
Hibernate: select j1_0.id,j1_0.company_id,j1_0.description,j1_0.location,j1_0.salary,j1_0.title from jobs j1_0 where j1_0.id=?
Hibernate: select c1_0.id,c1_0.description,c1_0.name,c1_0.recruiter_id,c1_0.website from companies c1_0 where c1_0.id=?
Hibernate: select u1_0.id,u1_0.email,u1_0.fullname,u1_0.is_active,u1_0.password from users u1_0 where u1_0.email=?
Hibernate: select r1_0.user_id,r1_1.id,r1_1.value from users_roles r1_0 join roles r1_1 on r1_1.id=r1_0.role_id where r1_0.user_id=?
Hibernate: select a1_0.id,a1_0.applied_at,a1_0.candidate_id,a1_0.cv_url,a1_0.job_id,a1_0.status from applications a1_0 where a1_0.id=?
Hibernate: select j1_0.id,j1_0.company_id,j1_0.description,j1_0.location,j1_0.salary,j1_0.title from jobs j1_0 where j1_0.id=?
Hibernate: select c1_0.id,c1_0.description,c1_0.name,c1_0.recruiter_id,c1_0.website from companies c1_0 where c1_0.id=?
Hibernate: update applications set applied_at=?,candidate_id=?,cv_url=?,job_id=?,status=? where id=?
Hibernate: select u1_0.id,u1_0.email,u1_0.fullname,u1_0.is_active,u1_0.password,r1_0.user_id,r1_1.id,r1_1.value from users u1_0 left join users_roles r1_0 on u1_0.id=r1_0.user_id left join roles r1_1 on r1_1.id=r1_0.role_id where u1_0.id=?
Hibernate: select u1_0.id,u1_0.email,u1_0.fullname,u1_0.is_active,u1_0.password from users u1_0 where u1_0.email=?
Hibernate: select r1_0.user_id,r1_1.id,r1_1.value from users_roles r1_0 join roles r1_1 on r1_1.id=r1_0.role_id where r1_0.user_id=?
Hibernate: select c1_0.id,c1_0.description,c1_0.name,c1_0.recruiter_id,c1_0.website from companies c1_0 left join users r1_0 on r1_0.id=c1_0.recruiter_id where r1_0.id=?
Hibernate: select j1_0.id,j1_0.company_id,j1_0.description,j1_0.location,j1_0.salary,j1_0.title from jobs j1_0 left join companies c1_0 on c1_0.id=j1_0.company_id where c1_0.id=?
Hibernate: select count(a1_0.id) from applications a1_0 left join jobs j1_0 on j1_0.id=a1_0.job_id where j1_0.id=?
Hibernate: select u1_0.id,u1_0.email,u1_0.fullname,u1_0.is_active,u1_0.password from users u1_0 where u1_0.email=?
Hibernate: select r1_0.user_id,r1_1.id,r1_1.value from users_roles r1_0 join roles r1_1 on r1_1.id=r1_0.role_id where r1_0.user_id=?
Hibernate: select c1_0.id,c1_0.description,c1_0.name,c1_0.recruiter_id,c1_0.website from companies c1_0 left join users r1_0 on r1_0.id=c1_0.recruiter_id where r1_0.id=?
Hibernate: select j1_0.id,j1_0.company_id,j1_0.description,j1_0.location,j1_0.salary,j1_0.title from jobs j1_0 left join companies c1_0 on c1_0.id=j1_0.company_id where c1_0.id=?
Hibernate: select count(a1_0.id) from applications a1_0 left join jobs j1_0 on j1_0.id=a1_0.job_id where j1_0.id=?
Hibernate: select u1_0.id,u1_0.email,u1_0.fullname,u1_0.is_active,u1_0.password from users u1_0 where u1_0.email=?
Hibernate: select r1_0.user_id,r1_1.id,r1_1.value from users_roles r1_0 join roles r1_1 on r1_1.id=r1_0.role_id where r1_0.user_id=?
Hibernate: select j1_0.id,j1_0.company_id,j1_0.description,j1_0.location,j1_0.salary,j1_0.title from jobs j1_0
Hibernate: select count(a1_0.id) from applications a1_0 left join jobs j1_0 on j1_0.id=a1_0.job_id where j1_0.id=?
Hibernate: select c1_0.id,c1_0.description,c1_0.name,c1_0.recruiter_id,c1_0.website from companies c1_0 where c1_0.id=?
Hibernate: select u1_0.id,u1_0.email,u1_0.fullname,u1_0.is_active,u1_0.password from users u1_0 where u1_0.email=?
Hibernate: select r1_0.user_id,r1_1.id,r1_1.value from users_roles r1_0 join roles r1_1 on r1_1.id=r1_0.role_id where r1_0.user_id=?
Hibernate: select c1_0.id,c1_0.description,c1_0.name,c1_0.recruiter_id,c1_0.website from companies c1_0 left join users r1_0 on r1_0.id=c1_0.recruiter_id where r1_0.id=?
Hibernate: select u1_0.id,u1_0.email,u1_0.fullname,u1_0.is_active,u1_0.password from users u1_0 where u1_0.email=?
Hibernate: select r1_0.user_id,r1_1.id,r1_1.value from users_roles r1_0 join roles r1_1 on r1_1.id=r1_0.role_id where r1_0.user_id=?
Hibernate: select c1_0.id,c1_0.description,c1_0.name,c1_0.recruiter_id,c1_0.website from companies c1_0 left join users r1_0 on r1_0.id=c1_0.recruiter_id where r1_0.id=?
Hibernate: select j1_0.id,j1_0.company_id,j1_0.description,j1_0.location,j1_0.salary,j1_0.title from jobs j1_0 left join companies c1_0 on c1_0.id=j1_0.company_id where c1_0.id=?
Hibernate: select count(a1_0.id) from applications a1_0 left join jobs j1_0 on j1_0.id=a1_0.job_id where j1_0.id=?
Hibernate: select j1_0.id,j1_0.company_id,j1_0.description,j1_0.location,j1_0.salary,j1_0.title from jobs j1_0
Hibernate: select count(a1_0.id) from applications a1_0 left join jobs j1_0 on j1_0.id=a1_0.job_id where j1_0.id=?
Hibernate: select c1_0.id,c1_0.description,c1_0.name,c1_0.recruiter_id,c1_0.website from companies c1_0 where c1_0.id=?
Hibernate: select u1_0.id,u1_0.email,u1_0.fullname,u1_0.is_active,u1_0.password from users u1_0 where u1_0.email=?
Hibernate: select r1_0.user_id,r1_1.id,r1_1.value from users_roles r1_0 join roles r1_1 on r1_1.id=r1_0.role_id where r1_0.user_id=?
Hibernate: select u1_0.id,u1_0.email,u1_0.fullname,u1_0.is_active,u1_0.password from users u1_0 where u1_0.email=?
Hibernate: select u1_0.id,u1_0.email,u1_0.fullname,u1_0.is_active,u1_0.password from users u1_0 where u1_0.email=?
Hibernate: select r1_0.user_id,r1_1.id,r1_1.value from users_roles r1_0 join roles r1_1 on r1_1.id=r1_0.role_id where r1_0.user_id=?
Hibernate: select j1_0.id,j1_0.company_id,j1_0.description,j1_0.location,j1_0.salary,j1_0.title from jobs j1_0
Hibernate: select count(a1_0.id) from applications a1_0 left join jobs j1_0 on j1_0.id=a1_0.job_id where j1_0.id=?
Hibernate: select c1_0.id,c1_0.description,c1_0.name,c1_0.recruiter_id,c1_0.website from companies c1_0 where c1_0.id=?
Hibernate: select u1_0.id,u1_0.email,u1_0.fullname,u1_0.is_active,u1_0.password from users u1_0 where u1_0.email=?
Hibernate: select r1_0.user_id,r1_1.id,r1_1.value from users_roles r1_0 join roles r1_1 on r1_1.id=r1_0.role_id where r1_0.user_id=?
Hibernate: select a1_0.id,a1_0.applied_at,a1_0.candidate_id,a1_0.cv_url,a1_0.job_id,a1_0.status from applications a1_0 left join users c1_0 on c1_0.id=a1_0.candidate_id where c1_0.id=?
Hibernate: select u1_0.id,u1_0.email,u1_0.fullname,u1_0.is_active,u1_0.password,r1_0.user_id,r1_1.id,r1_1.value from users u1_0 left join users_roles r1_0 on u1_0.id=r1_0.user_id left join roles r1_1 on r1_1.id=r1_0.role_id where u1_0.id=?
Hibernate: select j1_0.id,j1_0.company_id,j1_0.description,j1_0.location,j1_0.salary,j1_0.title from jobs j1_0 where j1_0.id=?
Hibernate: select c1_0.id,c1_0.description,c1_0.name,c1_0.recruiter_id,c1_0.website from companies c1_0 where c1_0.id=?
Hibernate: select u1_0.id,u1_0.email,u1_0.fullname,u1_0.is_active,u1_0.password from users u1_0 where u1_0.email=?
Hibernate: select r1_0.user_id,r1_1.id,r1_1.value from users_roles r1_0 join roles r1_1 on r1_1.id=r1_0.role_id where r1_0.user_id=?
Hibernate: select j1_0.id,j1_0.company_id,j1_0.description,j1_0.location,j1_0.salary,j1_0.title from jobs j1_0
Hibernate: select count(a1_0.id) from applications a1_0 left join jobs j1_0 on j1_0.id=a1_0.job_id where j1_0.id=?
Hibernate: select c1_0.id,c1_0.description,c1_0.name,c1_0.recruiter_id,c1_0.website from companies c1_0 where c1_0.id=?
Hibernate: select u1_0.id,u1_0.email,u1_0.fullname,u1_0.is_active,u1_0.password from users u1_0 where u1_0.email=?
Hibernate: select r1_0.user_id,r1_1.id,r1_1.value from users_roles r1_0 join roles r1_1 on r1_1.id=r1_0.role_id where r1_0.user_id=?
Hibernate: select a1_0.id,a1_0.applied_at,a1_0.candidate_id,a1_0.cv_url,a1_0.job_id,a1_0.status from applications a1_0 left join users c1_0 on c1_0.id=a1_0.candidate_id where c1_0.id=?
Hibernate: select u1_0.id,u1_0.email,u1_0.fullname,u1_0.is_active,u1_0.password,r1_0.user_id,r1_1.id,r1_1.value from users u1_0 left join users_roles r1_0 on u1_0.id=r1_0.user_id left join roles r1_1 on r1_1.id=r1_0.role_id where u1_0.id=?
Hibernate: select j1_0.id,j1_0.company_id,j1_0.description,j1_0.location,j1_0.salary,j1_0.title from jobs j1_0 where j1_0.id=?
Hibernate: select c1_0.id,c1_0.description,c1_0.name,c1_0.recruiter_id,c1_0.website from companies c1_0 where c1_0.id=?
Hibernate: select u1_0.id,u1_0.email,u1_0.fullname,u1_0.is_active,u1_0.password from users u1_0 where u1_0.email=?
Hibernate: select r1_0.user_id,r1_1.id,r1_1.value from users_roles r1_0 join roles r1_1 on r1_1.id=r1_0.role_id where r1_0.user_id=?
Hibernate: select j1_0.id,j1_0.company_id,j1_0.description,j1_0.location,j1_0.salary,j1_0.title from jobs j1_0
Hibernate: select count(a1_0.id) from applications a1_0 left join jobs j1_0 on j1_0.id=a1_0.job_id where j1_0.id=?
Hibernate: select c1_0.id,c1_0.description,c1_0.name,c1_0.recruiter_id,c1_0.website from companies c1_0 where c1_0.id=?
Hibernate: select u1_0.id,u1_0.email,u1_0.fullname,u1_0.is_active,u1_0.password from users u1_0 where u1_0.email=?
Hibernate: select r1_0.user_id,r1_1.id,r1_1.value from users_roles r1_0 join roles r1_1 on r1_1.id=r1_0.role_id where r1_0.user_id=?
Hibernate: select j1_0.id,j1_0.company_id,j1_0.description,j1_0.location,j1_0.salary,j1_0.title from jobs j1_0 where j1_0.id=?
Hibernate: select count(a1_0.id) from applications a1_0 left join jobs j1_0 on j1_0.id=a1_0.job_id where j1_0.id=?
Hibernate: select c1_0.id,c1_0.description,c1_0.name,c1_0.recruiter_id,c1_0.website from companies c1_0 where c1_0.id=?
2026-06-17T13:17:32.066+07:00  INFO 20808 --- [job-portal] [   File Watcher] rtingClassPathChangeChangedEventListener : Restarting due to 1 class path change (0 additions, 0 deletions, 1 modification)
2026-06-17T13:17:32.087+07:00  INFO 20808 --- [job-portal] [      Thread-23] o.s.b.w.e.tomcat.GracefulShutdown        : Commencing graceful shutdown. Waiting for active requests to complete
2026-06-17T13:17:32.125+07:00  INFO 20808 --- [job-portal] [tomcat-shutdown] o.s.b.w.e.tomcat.GracefulShutdown        : Graceful shutdown complete
2026-06-17T13:17:32.147+07:00  INFO 20808 --- [job-portal] [      Thread-23] j.LocalContainerEntityManagerFactoryBean : Closing JPA EntityManagerFactory for persistence unit 'default'
2026-06-17T13:17:32.163+07:00  INFO 20808 --- [job-portal] [      Thread-23] com.zaxxer.hikari.HikariDataSource       : HikariPool-6 - Shutdown initiated...
2026-06-17T13:17:32.181+07:00  INFO 20808 --- [job-portal] [      Thread-23] com.zaxxer.hikari.HikariDataSource       : HikariPool-6 - Shutdown completed.

  .   ____          _            __ _ _
 /\\ / ___'_ __ _ _(_)_ __  __ _ \ \ \ \
( ( )\___ | '_ | '_| | '_ \/ _` | \ \ \ \
 \\/  ___)| |_)| | | | | || (_| |  ) ) ) )
  '  |____| .__|_| |_|_| |_\__, | / / / /
 =========|_|==============|___/=/_/_/_/

 :: Spring Boot ::                (v3.4.1)

2026-06-17T13:17:32.527+07:00  INFO 20808 --- [job-portal] [  restartedMain] com.jobportal.JobPortalApplication       : Starting JobPortalApplication using Java 21.0.6 with PID 20808 (D:\Java Project\Job Portal\target\classes started by Admin in D:\Java Project\Job Portal)
2026-06-17T13:17:32.529+07:00  INFO 20808 --- [job-portal] [  restartedMain] com.jobportal.JobPortalApplication       : No active profile set, falling back to 1 default profile: "default"
2026-06-17T13:17:33.112+07:00  INFO 20808 --- [job-portal] [  restartedMain] .s.d.r.c.RepositoryConfigurationDelegate : Bootstrapping Spring Data JPA repositories in DEFAULT mode.
2026-06-17T13:17:33.164+07:00  INFO 20808 --- [job-portal] [  restartedMain] .s.d.r.c.RepositoryConfigurationDelegate : Finished Spring Data repository scanning in 46 ms. Found 5 JPA repository interfaces.
2026-06-17T13:17:33.484+07:00  INFO 20808 --- [job-portal] [  restartedMain] o.s.b.w.embedded.tomcat.TomcatWebServer  : Tomcat initialized with port 8080 (http)
2026-06-17T13:17:33.488+07:00  INFO 20808 --- [job-portal] [  restartedMain] o.apache.catalina.core.StandardService   : Starting service [Tomcat]
2026-06-17T13:17:33.489+07:00  INFO 20808 --- [job-portal] [  restartedMain] o.apache.catalina.core.StandardEngine    : Starting Servlet engine: [Apache Tomcat/10.1.34]
2026-06-17T13:17:33.546+07:00  INFO 20808 --- [job-portal] [  restartedMain] o.a.c.c.C.[Tomcat].[localhost].[/]       : Initializing Spring embedded WebApplicationContext
2026-06-17T13:17:33.546+07:00  INFO 20808 --- [job-portal] [  restartedMain] w.s.c.ServletWebServerApplicationContext : Root WebApplicationContext: initialization completed in 1004 ms
2026-06-17T13:17:33.721+07:00  INFO 20808 --- [job-portal] [  restartedMain] o.hibernate.jpa.internal.util.LogHelper  : HHH000204: Processing PersistenceUnitInfo [name: default]
2026-06-17T13:17:33.730+07:00  INFO 20808 --- [job-portal] [  restartedMain] o.h.c.internal.RegionFactoryInitiator    : HHH000026: Second-level cache disabled
2026-06-17T13:17:33.762+07:00  INFO 20808 --- [job-portal] [  restartedMain] o.s.o.j.p.SpringPersistenceUnitInfo      : No LoadTimeWeaver setup: ignoring JPA class transformer
2026-06-17T13:17:33.765+07:00  INFO 20808 --- [job-portal] [  restartedMain] com.zaxxer.hikari.HikariDataSource       : HikariPool-7 - Starting...
2026-06-17T13:17:33.815+07:00  INFO 20808 --- [job-portal] [  restartedMain] com.zaxxer.hikari.pool.HikariPool        : HikariPool-7 - Added connection com.mysql.cj.jdbc.ConnectionImpl@6ee588d7
2026-06-17T13:17:33.816+07:00  INFO 20808 --- [job-portal] [  restartedMain] com.zaxxer.hikari.HikariDataSource       : HikariPool-7 - Start completed.
2026-06-17T13:17:33.824+07:00  WARN 20808 --- [job-portal] [  restartedMain] org.hibernate.orm.deprecation            : HHH90000025: MySQLDialect does not need to be specified explicitly using 'hibernate.dialect' (remove the property setting and it will be selected by default)
2026-06-17T13:17:33.828+07:00  INFO 20808 --- [job-portal] [  restartedMain] org.hibernate.orm.connections.pooling    : HHH10001005: Database info:
	Database JDBC URL [Connecting through datasource 'HikariDataSource (HikariPool-7)']
	Database driver: undefined/unknown
	Database version: 8.0.46
	Autocommit mode: undefined/unknown
	Isolation level: undefined/unknown
	Minimum pool size: undefined/unknown
	Maximum pool size: undefined/unknown
2026-06-17T13:17:34.061+07:00  INFO 20808 --- [job-portal] [  restartedMain] o.h.e.t.j.p.i.JtaPlatformInitiator       : HHH000489: No JTA platform available (set 'hibernate.transaction.jta.platform' to enable JTA platform integration)
2026-06-17T13:17:34.229+07:00  INFO 20808 --- [job-portal] [  restartedMain] j.LocalContainerEntityManagerFactoryBean : Initialized JPA EntityManagerFactory for persistence unit 'default'
2026-06-17T13:17:34.442+07:00  INFO 20808 --- [job-portal] [  restartedMain] r$InitializeUserDetailsManagerConfigurer : Global AuthenticationManager configured with UserDetailsService bean with name customUserDetailsService
2026-06-17T13:17:34.505+07:00  WARN 20808 --- [job-portal] [  restartedMain] JpaBaseConfiguration$JpaWebConfiguration : spring.jpa.open-in-view is enabled by default. Therefore, database queries may be performed during view rendering. Explicitly configure spring.jpa.open-in-view to disable this warning
2026-06-17T13:17:34.526+07:00  INFO 20808 --- [job-portal] [  restartedMain] o.s.b.a.w.s.WelcomePageHandlerMapping    : Adding welcome page: class path resource [static/index.html]
2026-06-17T13:17:34.804+07:00  WARN 20808 --- [job-portal] [  restartedMain] ion$DefaultTemplateResolverConfiguration : Cannot find template location: classpath:/templates/ (please add some templates, check your Thymeleaf configuration, or set spring.thymeleaf.check-template-location=false)
2026-06-17T13:17:34.843+07:00  INFO 20808 --- [job-portal] [  restartedMain] o.s.b.a.h2.H2ConsoleAutoConfiguration    : H2 console available at '/h2-console'. Database available at 'jdbc:mysql://localhost:3306/jobportal?useSSL=false&allowPublicKeyRetrieval=true'
2026-06-17T13:17:34.898+07:00  INFO 20808 --- [job-portal] [  restartedMain] o.s.b.d.a.OptionalLiveReloadServer       : LiveReload server is running on port 35729
2026-06-17T13:17:34.947+07:00  INFO 20808 --- [job-portal] [  restartedMain] o.s.b.w.embedded.tomcat.TomcatWebServer  : Tomcat started on port 8080 (http) with context path '/'
2026-06-17T13:17:34.954+07:00  INFO 20808 --- [job-portal] [  restartedMain] com.jobportal.JobPortalApplication       : Started JobPortalApplication in 2.495 seconds (process running for 553.607)
Hibernate: select r1_0.id,r1_0.value from roles r1_0 where r1_0.value=?
Hibernate: select r1_0.id,r1_0.value from roles r1_0 where r1_0.value=?
Hibernate: select r1_0.id,r1_0.value from roles r1_0 where r1_0.value=?
2026-06-17T13:17:35.031+07:00  INFO 20808 --- [job-portal] [  restartedMain] .ConditionEvaluationDeltaLoggingListener : Condition evaluation unchanged
2026-06-17T13:17:36.350+07:00  INFO 20808 --- [job-portal] [   File Watcher] rtingClassPathChangeChangedEventListener : Restarting due to 2 class path changes (0 additions, 0 deletions, 2 modifications)
2026-06-17T13:17:36.354+07:00  INFO 20808 --- [job-portal] [      Thread-27] o.s.b.w.e.tomcat.GracefulShutdown        : Commencing graceful shutdown. Waiting for active requests to complete
2026-06-17T13:17:36.370+07:00  INFO 20808 --- [job-portal] [tomcat-shutdown] o.s.b.w.e.tomcat.GracefulShutdown        : Graceful shutdown complete
2026-06-17T13:17:36.372+07:00  INFO 20808 --- [job-portal] [      Thread-27] j.LocalContainerEntityManagerFactoryBean : Closing JPA EntityManagerFactory for persistence unit 'default'
2026-06-17T13:17:36.373+07:00  INFO 20808 --- [job-portal] [      Thread-27] com.zaxxer.hikari.HikariDataSource       : HikariPool-7 - Shutdown initiated...
2026-06-17T13:17:36.380+07:00  INFO 20808 --- [job-portal] [      Thread-27] com.zaxxer.hikari.HikariDataSource       : HikariPool-7 - Shutdown completed.

  .   ____          _            __ _ _
 /\\ / ___'_ __ _ _(_)_ __  __ _ \ \ \ \
( ( )\___ | '_ | '_| | '_ \/ _` | \ \ \ \
 \\/  ___)| |_)| | | | | || (_| |  ) ) ) )
  '  |____| .__|_| |_|_| |_\__, | / / / /
 =========|_|==============|___/=/_/_/_/

 :: Spring Boot ::                (v3.4.1)

2026-06-17T13:17:36.511+07:00  INFO 20808 --- [job-portal] [  restartedMain] com.jobportal.JobPortalApplication       : Starting JobPortalApplication using Java 21.0.6 with PID 20808 (D:\Java Project\Job Portal\target\classes started by Admin in D:\Java Project\Job Portal)
2026-06-17T13:17:36.513+07:00  INFO 20808 --- [job-portal] [  restartedMain] com.jobportal.JobPortalApplication       : No active profile set, falling back to 1 default profile: "default"
2026-06-17T13:17:36.872+07:00  INFO 20808 --- [job-portal] [  restartedMain] .s.d.r.c.RepositoryConfigurationDelegate : Bootstrapping Spring Data JPA repositories in DEFAULT mode.
2026-06-17T13:17:36.916+07:00  INFO 20808 --- [job-portal] [  restartedMain] .s.d.r.c.RepositoryConfigurationDelegate : Finished Spring Data repository scanning in 41 ms. Found 5 JPA repository interfaces.
2026-06-17T13:17:37.135+07:00  INFO 20808 --- [job-portal] [  restartedMain] o.s.b.w.embedded.tomcat.TomcatWebServer  : Tomcat initialized with port 8080 (http)
2026-06-17T13:17:37.136+07:00  INFO 20808 --- [job-portal] [  restartedMain] o.apache.catalina.core.StandardService   : Starting service [Tomcat]
2026-06-17T13:17:37.137+07:00  INFO 20808 --- [job-portal] [  restartedMain] o.apache.catalina.core.StandardEngine    : Starting Servlet engine: [Apache Tomcat/10.1.34]
2026-06-17T13:17:37.172+07:00  INFO 20808 --- [job-portal] [  restartedMain] o.a.c.c.C.[Tomcat].[localhost].[/]       : Initializing Spring embedded WebApplicationContext
2026-06-17T13:17:37.173+07:00  INFO 20808 --- [job-portal] [  restartedMain] w.s.c.ServletWebServerApplicationContext : Root WebApplicationContext: initialization completed in 658 ms
2026-06-17T13:17:37.282+07:00  INFO 20808 --- [job-portal] [  restartedMain] o.hibernate.jpa.internal.util.LogHelper  : HHH000204: Processing PersistenceUnitInfo [name: default]
2026-06-17T13:17:37.286+07:00  INFO 20808 --- [job-portal] [  restartedMain] o.h.c.internal.RegionFactoryInitiator    : HHH000026: Second-level cache disabled
2026-06-17T13:17:37.318+07:00  INFO 20808 --- [job-portal] [  restartedMain] o.s.o.j.p.SpringPersistenceUnitInfo      : No LoadTimeWeaver setup: ignoring JPA class transformer
2026-06-17T13:17:37.320+07:00  INFO 20808 --- [job-portal] [  restartedMain] com.zaxxer.hikari.HikariDataSource       : HikariPool-8 - Starting...
2026-06-17T13:17:37.352+07:00  INFO 20808 --- [job-portal] [  restartedMain] com.zaxxer.hikari.pool.HikariPool        : HikariPool-8 - Added connection com.mysql.cj.jdbc.ConnectionImpl@79d992ad
2026-06-17T13:17:37.353+07:00  INFO 20808 --- [job-portal] [  restartedMain] com.zaxxer.hikari.HikariDataSource       : HikariPool-8 - Start completed.
2026-06-17T13:17:37.358+07:00  WARN 20808 --- [job-portal] [  restartedMain] org.hibernate.orm.deprecation            : HHH90000025: MySQLDialect does not need to be specified explicitly using 'hibernate.dialect' (remove the property setting and it will be selected by default)
2026-06-17T13:17:37.360+07:00  INFO 20808 --- [job-portal] [  restartedMain] org.hibernate.orm.connections.pooling    : HHH10001005: Database info:
	Database JDBC URL [Connecting through datasource 'HikariDataSource (HikariPool-8)']
	Database driver: undefined/unknown
	Database version: 8.0.46
	Autocommit mode: undefined/unknown
	Isolation level: undefined/unknown
	Minimum pool size: undefined/unknown
	Maximum pool size: undefined/unknown
2026-06-17T13:17:37.579+07:00  INFO 20808 --- [job-portal] [  restartedMain] o.h.e.t.j.p.i.JtaPlatformInitiator       : HHH000489: No JTA platform available (set 'hibernate.transaction.jta.platform' to enable JTA platform integration)
2026-06-17T13:17:37.749+07:00  INFO 20808 --- [job-portal] [  restartedMain] j.LocalContainerEntityManagerFactoryBean : Initialized JPA EntityManagerFactory for persistence unit 'default'
2026-06-17T13:17:37.925+07:00  INFO 20808 --- [job-portal] [  restartedMain] r$InitializeUserDetailsManagerConfigurer : Global AuthenticationManager configured with UserDetailsService bean with name customUserDetailsService
2026-06-17T13:17:37.975+07:00  WARN 20808 --- [job-portal] [  restartedMain] JpaBaseConfiguration$JpaWebConfiguration : spring.jpa.open-in-view is enabled by default. Therefore, database queries may be performed during view rendering. Explicitly configure spring.jpa.open-in-view to disable this warning
2026-06-17T13:17:38.001+07:00  INFO 20808 --- [job-portal] [  restartedMain] o.s.b.a.w.s.WelcomePageHandlerMapping    : Adding welcome page: class path resource [static/index.html]
2026-06-17T13:17:38.199+07:00  WARN 20808 --- [job-portal] [  restartedMain] ion$DefaultTemplateResolverConfiguration : Cannot find template location: classpath:/templates/ (please add some templates, check your Thymeleaf configuration, or set spring.thymeleaf.check-template-location=false)
2026-06-17T13:17:38.231+07:00  INFO 20808 --- [job-portal] [  restartedMain] o.s.b.a.h2.H2ConsoleAutoConfiguration    : H2 console available at '/h2-console'. Database available at 'jdbc:mysql://localhost:3306/jobportal?useSSL=false&allowPublicKeyRetrieval=true'
2026-06-17T13:17:38.256+07:00  INFO 20808 --- [job-portal] [  restartedMain] o.s.b.d.a.OptionalLiveReloadServer       : LiveReload server is running on port 35729
2026-06-17T13:17:38.272+07:00  INFO 20808 --- [job-portal] [  restartedMain] o.s.b.w.embedded.tomcat.TomcatWebServer  : Tomcat started on port 8080 (http) with context path '/'
2026-06-17T13:17:38.278+07:00  INFO 20808 --- [job-portal] [  restartedMain] com.jobportal.JobPortalApplication       : Started JobPortalApplication in 1.813 seconds (process running for 556.932)
Hibernate: select r1_0.id,r1_0.value from roles r1_0 where r1_0.value=?
Hibernate: select r1_0.id,r1_0.value from roles r1_0 where r1_0.value=?
Hibernate: select r1_0.id,r1_0.value from roles r1_0 where r1_0.value=?
2026-06-17T13:17:38.355+07:00  INFO 20808 --- [job-portal] [  restartedMain] .ConditionEvaluationDeltaLoggingListener : Condition evaluation unchanged
2026-06-17T13:18:07.284+07:00  INFO 20808 --- [job-portal] [nio-8080-exec-1] o.a.c.c.C.[Tomcat].[localhost].[/]       : Initializing Spring DispatcherServlet 'dispatcherServlet'
2026-06-17T13:18:07.284+07:00  INFO 20808 --- [job-portal] [nio-8080-exec-1] o.s.web.servlet.DispatcherServlet        : Initializing Servlet 'dispatcherServlet'
2026-06-17T13:18:07.284+07:00  INFO 20808 --- [job-portal] [nio-8080-exec-1] o.s.web.servlet.DispatcherServlet        : Completed initialization in 0 ms
Hibernate: select u1_0.id,u1_0.email,u1_0.fullname,u1_0.is_active,u1_0.password from users u1_0 where u1_0.email=?
Hibernate: select r1_0.user_id,r1_1.id,r1_1.value from users_roles r1_0 join roles r1_1 on r1_1.id=r1_0.role_id where r1_0.user_id=?
Hibernate: select j1_0.id,j1_0.company_id,j1_0.description,j1_0.location,j1_0.salary,j1_0.title from jobs j1_0 where j1_0.id=?
Hibernate: select count(a1_0.id) from applications a1_0 left join jobs j1_0 on j1_0.id=a1_0.job_id where j1_0.id=?
Hibernate: select c1_0.id,c1_0.description,c1_0.name,c1_0.recruiter_id,c1_0.website from companies c1_0 where c1_0.id=?
Hibernate: select u1_0.id,u1_0.email,u1_0.fullname,u1_0.is_active,u1_0.password from users u1_0 where u1_0.email=?
Hibernate: select r1_0.user_id,r1_1.id,r1_1.value from users_roles r1_0 join roles r1_1 on r1_1.id=r1_0.role_id where r1_0.user_id=?
Hibernate: select a1_0.id from applications a1_0 left join users c1_0 on c1_0.id=a1_0.candidate_id left join jobs j1_0 on j1_0.id=a1_0.job_id where c1_0.id=? and j1_0.id=? limit ?
Hibernate: select u1_0.id,u1_0.email,u1_0.fullname,u1_0.is_active,u1_0.password from users u1_0 where u1_0.email=?
Hibernate: select r1_0.user_id,r1_1.id,r1_1.value from users_roles r1_0 join roles r1_1 on r1_1.id=r1_0.role_id where r1_0.user_id=?
Hibernate: select j1_0.id,j1_0.company_id,j1_0.description,j1_0.location,j1_0.salary,j1_0.title from jobs j1_0
Hibernate: select count(a1_0.id) from applications a1_0 left join jobs j1_0 on j1_0.id=a1_0.job_id where j1_0.id=?
Hibernate: select c1_0.id,c1_0.description,c1_0.name,c1_0.recruiter_id,c1_0.website from companies c1_0 where c1_0.id=?
Hibernate: select u1_0.id,u1_0.email,u1_0.fullname,u1_0.is_active,u1_0.password from users u1_0 where u1_0.email=?
Hibernate: select r1_0.user_id,r1_1.id,r1_1.value from users_roles r1_0 join roles r1_1 on r1_1.id=r1_0.role_id where r1_0.user_id=?
Hibernate: select j1_0.id,j1_0.company_id,j1_0.description,j1_0.location,j1_0.salary,j1_0.title from jobs j1_0 where j1_0.id=?
Hibernate: select count(a1_0.id) from applications a1_0 left join jobs j1_0 on j1_0.id=a1_0.job_id where j1_0.id=?
Hibernate: select c1_0.id,c1_0.description,c1_0.name,c1_0.recruiter_id,c1_0.website from companies c1_0 where c1_0.id=?
Hibernate: select u1_0.id,u1_0.email,u1_0.fullname,u1_0.is_active,u1_0.password from users u1_0 where u1_0.email=?
Hibernate: select r1_0.user_id,r1_1.id,r1_1.value from users_roles r1_0 join roles r1_1 on r1_1.id=r1_0.role_id where r1_0.user_id=?
Hibernate: select a1_0.id from applications a1_0 left join users c1_0 on c1_0.id=a1_0.candidate_id left join jobs j1_0 on j1_0.id=a1_0.job_id where c1_0.id=? and j1_0.id=? limit ?
Hibernate: select u1_0.id,u1_0.email,u1_0.fullname,u1_0.is_active,u1_0.password from users u1_0 where u1_0.email=?
Hibernate: select r1_0.user_id,r1_1.id,r1_1.value from users_roles r1_0 join roles r1_1 on r1_1.id=r1_0.role_id where r1_0.user_id=?
Hibernate: select a1_0.id,a1_0.applied_at,a1_0.candidate_id,a1_0.cv_url,a1_0.job_id,a1_0.status from applications a1_0 left join users c1_0 on c1_0.id=a1_0.candidate_id where c1_0.id=?
Hibernate: select u1_0.id,u1_0.email,u1_0.fullname,u1_0.is_active,u1_0.password,r1_0.user_id,r1_1.id,r1_1.value from users u1_0 left join users_roles r1_0 on u1_0.id=r1_0.user_id left join roles r1_1 on r1_1.id=r1_0.role_id where u1_0.id=?
Hibernate: select j1_0.id,j1_0.company_id,j1_0.description,j1_0.location,j1_0.salary,j1_0.title from jobs j1_0 where j1_0.id=?
Hibernate: select c1_0.id,c1_0.description,c1_0.name,c1_0.recruiter_id,c1_0.website from companies c1_0 where c1_0.id=?
Hibernate: select j1_0.id,j1_0.company_id,j1_0.description,j1_0.location,j1_0.salary,j1_0.title from jobs j1_0
Hibernate: select count(a1_0.id) from applications a1_0 left join jobs j1_0 on j1_0.id=a1_0.job_id where j1_0.id=?
Hibernate: select c1_0.id,c1_0.description,c1_0.name,c1_0.recruiter_id,c1_0.website from companies c1_0 where c1_0.id=?
Hibernate: select j1_0.id,j1_0.company_id,j1_0.description,j1_0.location,j1_0.salary,j1_0.title from jobs j1_0
Hibernate: select count(a1_0.id) from applications a1_0 left join jobs j1_0 on j1_0.id=a1_0.job_id where j1_0.id=?
Hibernate: select c1_0.id,c1_0.description,c1_0.name,c1_0.recruiter_id,c1_0.website from companies c1_0 where c1_0.id=?
Hibernate: select j1_0.id,j1_0.company_id,j1_0.description,j1_0.location,j1_0.salary,j1_0.title from jobs j1_0
Hibernate: select count(a1_0.id) from applications a1_0 left join jobs j1_0 on j1_0.id=a1_0.job_id where j1_0.id=?
Hibernate: select c1_0.id,c1_0.description,c1_0.name,c1_0.recruiter_id,c1_0.website from companies c1_0 where c1_0.id=?
Hibernate: select j1_0.id,j1_0.company_id,j1_0.description,j1_0.location,j1_0.salary,j1_0.title from jobs j1_0
Hibernate: select count(a1_0.id) from applications a1_0 left join jobs j1_0 on j1_0.id=a1_0.job_id where j1_0.id=?
Hibernate: select c1_0.id,c1_0.description,c1_0.name,c1_0.recruiter_id,c1_0.website from companies c1_0 where c1_0.id=?
Hibernate: select j1_0.id,j1_0.company_id,j1_0.description,j1_0.location,j1_0.salary,j1_0.title from jobs j1_0
Hibernate: select count(a1_0.id) from applications a1_0 left join jobs j1_0 on j1_0.id=a1_0.job_id where j1_0.id=?
Hibernate: select c1_0.id,c1_0.description,c1_0.name,c1_0.recruiter_id,c1_0.website from companies c1_0 where c1_0.id=?
Hibernate: select u1_0.id,u1_0.email,u1_0.fullname,u1_0.is_active,u1_0.password from users u1_0 where u1_0.email=?
Hibernate: select r1_0.user_id,r1_1.id,r1_1.value from users_roles r1_0 join roles r1_1 on r1_1.id=r1_0.role_id where r1_0.user_id=?
Hibernate: select u1_0.id,u1_0.email,u1_0.fullname,u1_0.is_active,u1_0.password from users u1_0 where u1_0.email=?
Hibernate: select u1_0.id,u1_0.email,u1_0.fullname,u1_0.is_active,u1_0.password from users u1_0 where u1_0.email=?
Hibernate: select r1_0.user_id,r1_1.id,r1_1.value from users_roles r1_0 join roles r1_1 on r1_1.id=r1_0.role_id where r1_0.user_id=?
Hibernate: select j1_0.id,j1_0.company_id,j1_0.description,j1_0.location,j1_0.salary,j1_0.title from jobs j1_0
Hibernate: select count(a1_0.id) from applications a1_0 left join jobs j1_0 on j1_0.id=a1_0.job_id where j1_0.id=?
Hibernate: select c1_0.id,c1_0.description,c1_0.name,c1_0.recruiter_id,c1_0.website from companies c1_0 where c1_0.id=?
Hibernate: select u1_0.id,u1_0.email,u1_0.fullname,u1_0.is_active,u1_0.password from users u1_0 where u1_0.email=?
Hibernate: select r1_0.user_id,r1_1.id,r1_1.value from users_roles r1_0 join roles r1_1 on r1_1.id=r1_0.role_id where r1_0.user_id=?
Hibernate: select j1_0.id,j1_0.company_id,j1_0.description,j1_0.location,j1_0.salary,j1_0.title from jobs j1_0 where j1_0.id=?
Hibernate: select count(a1_0.id) from applications a1_0 left join jobs j1_0 on j1_0.id=a1_0.job_id where j1_0.id=?
Hibernate: select c1_0.id,c1_0.description,c1_0.name,c1_0.recruiter_id,c1_0.website from companies c1_0 where c1_0.id=?
Hibernate: select u1_0.id,u1_0.email,u1_0.fullname,u1_0.is_active,u1_0.password from users u1_0 where u1_0.email=?
Hibernate: select r1_0.user_id,r1_1.id,r1_1.value from users_roles r1_0 join roles r1_1 on r1_1.id=r1_0.role_id where r1_0.user_id=?
Hibernate: select c1_0.id,c1_0.description,c1_0.name,c1_0.recruiter_id,c1_0.website from companies c1_0 left join users r1_0 on r1_0.id=c1_0.recruiter_id where r1_0.id=?
Hibernate: select j1_0.id,j1_0.company_id,j1_0.description,j1_0.location,j1_0.salary,j1_0.title from jobs j1_0 left join companies c1_0 on c1_0.id=j1_0.company_id where c1_0.id=?
Hibernate: select count(a1_0.id) from applications a1_0 left join jobs j1_0 on j1_0.id=a1_0.job_id where j1_0.id=?
Hibernate: select u1_0.id,u1_0.email,u1_0.fullname,u1_0.is_active,u1_0.password from users u1_0 where u1_0.email=?
Hibernate: select r1_0.user_id,r1_1.id,r1_1.value from users_roles r1_0 join roles r1_1 on r1_1.id=r1_0.role_id where r1_0.user_id=?
Hibernate: select a1_0.id,a1_0.applied_at,a1_0.candidate_id,a1_0.cv_url,a1_0.job_id,a1_0.status from applications a1_0 left join jobs j1_0 on j1_0.id=a1_0.job_id where j1_0.id=?
Hibernate: select u1_0.id,u1_0.email,u1_0.fullname,u1_0.is_active,u1_0.password,r1_0.user_id,r1_1.id,r1_1.value from users u1_0 left join users_roles r1_0 on u1_0.id=r1_0.user_id left join roles r1_1 on r1_1.id=r1_0.role_id where u1_0.id=?
Hibernate: select j1_0.id,j1_0.company_id,j1_0.description,j1_0.location,j1_0.salary,j1_0.title from jobs j1_0 where j1_0.id=?
Hibernate: select c1_0.id,c1_0.description,c1_0.name,c1_0.recruiter_id,c1_0.website from companies c1_0 where c1_0.id=?
Hibernate: select u1_0.id,u1_0.email,u1_0.fullname,u1_0.is_active,u1_0.password from users u1_0 where u1_0.email=?
Hibernate: select r1_0.user_id,r1_1.id,r1_1.value from users_roles r1_0 join roles r1_1 on r1_1.id=r1_0.role_id where r1_0.user_id=?
Hibernate: select j1_0.id,j1_0.company_id,j1_0.description,j1_0.location,j1_0.salary,j1_0.title from jobs j1_0
Hibernate: select count(a1_0.id) from applications a1_0 left join jobs j1_0 on j1_0.id=a1_0.job_id where j1_0.id=?
Hibernate: select c1_0.id,c1_0.description,c1_0.name,c1_0.recruiter_id,c1_0.website from companies c1_0 where c1_0.id=?
Hibernate: select u1_0.id,u1_0.email,u1_0.fullname,u1_0.is_active,u1_0.password from users u1_0 where u1_0.email=?
Hibernate: select r1_0.user_id,r1_1.id,r1_1.value from users_roles r1_0 join roles r1_1 on r1_1.id=r1_0.role_id where r1_0.user_id=?
Hibernate: select j1_0.id,j1_0.company_id,j1_0.description,j1_0.location,j1_0.salary,j1_0.title from jobs j1_0
Hibernate: select count(a1_0.id) from applications a1_0 left join jobs j1_0 on j1_0.id=a1_0.job_id where j1_0.id=?
Hibernate: select c1_0.id,c1_0.description,c1_0.name,c1_0.recruiter_id,c1_0.website from companies c1_0 where c1_0.id=?
Hibernate: select u1_0.id,u1_0.email,u1_0.fullname,u1_0.is_active,u1_0.password from users u1_0 where u1_0.email=?
Hibernate: select r1_0.user_id,r1_1.id,r1_1.value from users_roles r1_0 join roles r1_1 on r1_1.id=r1_0.role_id where r1_0.user_id=?
Hibernate: select j1_0.id,j1_0.company_id,j1_0.description,j1_0.location,j1_0.salary,j1_0.title from jobs j1_0 where j1_0.id=?
Hibernate: select count(a1_0.id) from applications a1_0 left join jobs j1_0 on j1_0.id=a1_0.job_id where j1_0.id=?
Hibernate: select c1_0.id,c1_0.description,c1_0.name,c1_0.recruiter_id,c1_0.website from companies c1_0 where c1_0.id=?
Hibernate: select u1_0.id,u1_0.email,u1_0.fullname,u1_0.is_active,u1_0.password from users u1_0 where u1_0.email=?
Hibernate: select r1_0.user_id,r1_1.id,r1_1.value from users_roles r1_0 join roles r1_1 on r1_1.id=r1_0.role_id where r1_0.user_id=?
Hibernate: select c1_0.id,c1_0.description,c1_0.name,c1_0.recruiter_id,c1_0.website from companies c1_0 left join users r1_0 on r1_0.id=c1_0.recruiter_id where r1_0.id=?
Hibernate: select j1_0.id,j1_0.company_id,j1_0.description,j1_0.location,j1_0.salary,j1_0.title from jobs j1_0 left join companies c1_0 on c1_0.id=j1_0.company_id where c1_0.id=?
Hibernate: select count(a1_0.id) from applications a1_0 left join jobs j1_0 on j1_0.id=a1_0.job_id where j1_0.id=?
Hibernate: select u1_0.id,u1_0.email,u1_0.fullname,u1_0.is_active,u1_0.password from users u1_0 where u1_0.email=?
Hibernate: select r1_0.user_id,r1_1.id,r1_1.value from users_roles r1_0 join roles r1_1 on r1_1.id=r1_0.role_id where r1_0.user_id=?
Hibernate: select c1_0.id,c1_0.description,c1_0.name,c1_0.recruiter_id,c1_0.website from companies c1_0 left join users r1_0 on r1_0.id=c1_0.recruiter_id where r1_0.id=?
Hibernate: select u1_0.id,u1_0.email,u1_0.fullname,u1_0.is_active,u1_0.password from users u1_0 where u1_0.email=?
Hibernate: select r1_0.user_id,r1_1.id,r1_1.value from users_roles r1_0 join roles r1_1 on r1_1.id=r1_0.role_id where r1_0.user_id=?
Hibernate: select u1_0.id,u1_0.email,u1_0.fullname,u1_0.is_active,u1_0.password from users u1_0 where u1_0.email=?
Hibernate: select r1_0.user_id,r1_1.id,r1_1.value from users_roles r1_0 join roles r1_1 on r1_1.id=r1_0.role_id where r1_0.user_id=?
Hibernate: select u1_0.id,u1_0.email,u1_0.fullname,u1_0.is_active,u1_0.password from users u1_0 where u1_0.email=?
Hibernate: select u1_0.id,u1_0.email,u1_0.fullname,u1_0.is_active,u1_0.password from users u1_0 where u1_0.email=?
Hibernate: select r1_0.user_id,r1_1.id,r1_1.value from users_roles r1_0 join roles r1_1 on r1_1.id=r1_0.role_id where r1_0.user_id=?
Hibernate: select j1_0.id,j1_0.company_id,j1_0.description,j1_0.location,j1_0.salary,j1_0.title from jobs j1_0
Hibernate: select count(a1_0.id) from applications a1_0 left join jobs j1_0 on j1_0.id=a1_0.job_id where j1_0.id=?
Hibernate: select c1_0.id,c1_0.description,c1_0.name,c1_0.recruiter_id,c1_0.website from companies c1_0 where c1_0.id=?
Hibernate: select u1_0.id,u1_0.email,u1_0.fullname,u1_0.is_active,u1_0.password from users u1_0 where u1_0.email=?
Hibernate: select r1_0.user_id,r1_1.id,r1_1.value from users_roles r1_0 join roles r1_1 on r1_1.id=r1_0.role_id where r1_0.user_id=?
Hibernate: select j1_0.id,j1_0.company_id,j1_0.description,j1_0.location,j1_0.salary,j1_0.title from jobs j1_0 where j1_0.id=?
Hibernate: select count(a1_0.id) from applications a1_0 left join jobs j1_0 on j1_0.id=a1_0.job_id where j1_0.id=?
Hibernate: select c1_0.id,c1_0.description,c1_0.name,c1_0.recruiter_id,c1_0.website from companies c1_0 where c1_0.id=?
Hibernate: select u1_0.id,u1_0.email,u1_0.fullname,u1_0.is_active,u1_0.password from users u1_0 where u1_0.email=?
Hibernate: select r1_0.user_id,r1_1.id,r1_1.value from users_roles r1_0 join roles r1_1 on r1_1.id=r1_0.role_id where r1_0.user_id=?
Hibernate: select a1_0.id from applications a1_0 left join users c1_0 on c1_0.id=a1_0.candidate_id left join jobs j1_0 on j1_0.id=a1_0.job_id where c1_0.id=? and j1_0.id=? limit ?
Hibernate: select u1_0.id,u1_0.email,u1_0.fullname,u1_0.is_active,u1_0.password from users u1_0 where u1_0.email=?
Hibernate: select r1_0.user_id,r1_1.id,r1_1.value from users_roles r1_0 join roles r1_1 on r1_1.id=r1_0.role_id where r1_0.user_id=?
Hibernate: select a1_0.id,a1_0.applied_at,a1_0.candidate_id,a1_0.cv_url,a1_0.job_id,a1_0.status from applications a1_0 left join users c1_0 on c1_0.id=a1_0.candidate_id where c1_0.id=?
Hibernate: select u1_0.id,u1_0.email,u1_0.fullname,u1_0.is_active,u1_0.password,r1_0.user_id,r1_1.id,r1_1.value from users u1_0 left join users_roles r1_0 on u1_0.id=r1_0.user_id left join roles r1_1 on r1_1.id=r1_0.role_id where u1_0.id=?
Hibernate: select j1_0.id,j1_0.company_id,j1_0.description,j1_0.location,j1_0.salary,j1_0.title from jobs j1_0 where j1_0.id=?
Hibernate: select c1_0.id,c1_0.description,c1_0.name,c1_0.recruiter_id,c1_0.website from companies c1_0 where c1_0.id=?
